<?xml version="1.0" encoding="UTF-8"?>
<!-- Generated by org.testng.reporters.JUnitXMLReporter -->
<testsuite hostname="UA-LS-0024" name="Surefire test" tests="79" failures="17" timestamp="20 Nov 2017 17:10:42 GMT" time="15.77" errors="0">
  <testcase name="testSpin" time="0.328" classname="com.skywind.qa.test.SpinTest">
    <failure type="java.lang.AssertionError" message="1 expectation failed.
JSON path result.totalWin doesn&amp;apos;t match.
Expected: &amp;lt;5000&amp;gt;
  Actual: 0
">
      <![CDATA[java.lang.AssertionError: 1 expectation failed.
JSON path result.totalWin doesn't match.
Expected: <5000>
  Actual: 0

	at org.codehaus.groovy.runtime.callsite.ConstructorSite$ConstructorSiteNoUnwrap.callConstructor(ConstructorSite.java:84)
	at org.codehaus.groovy.runtime.callsite.CallSiteArray.defaultCallConstructor(CallSiteArray.java:60)
	at org.codehaus.groovy.runtime.callsite.AbstractCallSite.callConstructor(AbstractCallSite.java:235)
	at org.codehaus.groovy.runtime.callsite.AbstractCallSite.callConstructor(AbstractCallSite.java:247)
	at io.restassured.internal.ResponseSpecificationImpl$HamcrestAssertionClosure.validate(ResponseSpecificationImpl.groovy:471)
	at io.restassured.internal.ResponseSpecificationImpl$HamcrestAssertionClosure$validate$1.call(Unknown Source)
	at io.restassured.internal.ResponseSpecificationImpl.validateResponseIfRequired(ResponseSpecificationImpl.groovy:643)
	at org.codehaus.groovy.runtime.callsite.PogoMetaMethodSite$PogoCachedMethodSiteNoUnwrapNoCoerce.invoke(PogoMetaMethodSite.java:210)
	at org.codehaus.groovy.runtime.callsite.PogoMetaMethodSite.callCurrent(PogoMetaMethodSite.java:59)
	at org.codehaus.groovy.runtime.callsite.CallSiteArray.defaultCallCurrent(CallSiteArray.java:52)
	at org.codehaus.groovy.runtime.callsite.AbstractCallSite.callCurrent(AbstractCallSite.java:154)
	at org.codehaus.groovy.runtime.callsite.AbstractCallSite.callCurrent(AbstractCallSite.java:166)
	at io.restassured.internal.ResponseSpecificationImpl.content(ResponseSpecificationImpl.groovy:265)
	at io.restassured.specification.ResponseSpecification$content$1.callCurrent(Unknown Source)
	at org.codehaus.groovy.runtime.callsite.CallSiteArray.defaultCallCurrent(CallSiteArray.java:52)
	at org.codehaus.groovy.runtime.callsite.AbstractCallSite.callCurrent(AbstractCallSite.java:154)
	at org.codehaus.groovy.runtime.callsite.AbstractCallSite.callCurrent(AbstractCallSite.java:190)
	at io.restassured.internal.ResponseSpecificationImpl.body(ResponseSpecificationImpl.groovy:248)
	at io.restassured.internal.ValidatableResponseOptionsImpl.body(ValidatableResponseOptionsImpl.java:268)
	at com.skywind.qa.test.SpinTest.testSpin(SpinTest.java:82)
... Removed 38 stack frames]]>
    </failure>
  </testcase> <!-- testSpin -->
  <testcase name="testSpin" time="0.179" classname="com.skywind.qa.test.SpinTest">
    <failure type="java.lang.AssertionError" message="1 expectation failed.
JSON path result.totalWin doesn&amp;apos;t match.
Expected: &amp;lt;0&amp;gt;
  Actual: 100
">
      <![CDATA[java.lang.AssertionError: 1 expectation failed.
JSON path result.totalWin doesn't match.
Expected: <0>
  Actual: 100

	at org.codehaus.groovy.runtime.callsite.ConstructorSite$ConstructorSiteNoUnwrap.callConstructor(ConstructorSite.java:84)
	at org.codehaus.groovy.runtime.callsite.AbstractCallSite.callConstructor(AbstractCallSite.java:247)
	at io.restassured.internal.ResponseSpecificationImpl$HamcrestAssertionClosure.validate(ResponseSpecificationImpl.groovy:471)
	at io.restassured.internal.ResponseSpecificationImpl$HamcrestAssertionClosure$validate$1.call(Unknown Source)
	at io.restassured.internal.ResponseSpecificationImpl.validateResponseIfRequired(ResponseSpecificationImpl.groovy:643)
	at org.codehaus.groovy.runtime.callsite.PogoMetaMethodSite$PogoCachedMethodSiteNoUnwrapNoCoerce.invoke(PogoMetaMethodSite.java:210)
	at org.codehaus.groovy.runtime.callsite.PogoMetaMethodSite.callCurrent(PogoMetaMethodSite.java:59)
	at org.codehaus.groovy.runtime.callsite.AbstractCallSite.callCurrent(AbstractCallSite.java:166)
	at io.restassured.internal.ResponseSpecificationImpl.content(ResponseSpecificationImpl.groovy:265)
	at io.restassured.specification.ResponseSpecification$content$1.callCurrent(Unknown Source)
	at io.restassured.internal.ResponseSpecificationImpl.body(ResponseSpecificationImpl.groovy:248)
	at io.restassured.internal.ValidatableResponseOptionsImpl.body(ValidatableResponseOptionsImpl.java:268)
	at com.skywind.qa.test.SpinTest.testSpin(SpinTest.java:82)
... Removed 38 stack frames]]>
    </failure>
  </testcase> <!-- testSpin -->
  <testcase name="testSpin" time="0.173" classname="com.skywind.qa.test.SpinTest">
    <failure type="java.lang.AssertionError" message="1 expectation failed.
JSON path result.totalWin doesn&amp;apos;t match.
Expected: &amp;lt;250&amp;gt;
  Actual: 0
">
      <![CDATA[java.lang.AssertionError: 1 expectation failed.
JSON path result.totalWin doesn't match.
Expected: <250>
  Actual: 0

	at org.codehaus.groovy.runtime.callsite.ConstructorSite$ConstructorSiteNoUnwrap.callConstructor(ConstructorSite.java:84)
	at org.codehaus.groovy.runtime.callsite.AbstractCallSite.callConstructor(AbstractCallSite.java:247)
	at io.restassured.internal.ResponseSpecificationImpl$HamcrestAssertionClosure.validate(ResponseSpecificationImpl.groovy:471)
	at io.restassured.internal.ResponseSpecificationImpl$HamcrestAssertionClosure$validate$1.call(Unknown Source)
	at io.restassured.internal.ResponseSpecificationImpl.validateResponseIfRequired(ResponseSpecificationImpl.groovy:643)
	at org.codehaus.groovy.runtime.callsite.PogoMetaMethodSite$PogoCachedMethodSiteNoUnwrapNoCoerce.invoke(PogoMetaMethodSite.java:210)
	at org.codehaus.groovy.runtime.callsite.PogoMetaMethodSite.callCurrent(PogoMetaMethodSite.java:59)
	at org.codehaus.groovy.runtime.callsite.AbstractCallSite.callCurrent(AbstractCallSite.java:166)
	at io.restassured.internal.ResponseSpecificationImpl.content(ResponseSpecificationImpl.groovy:265)
	at io.restassured.specification.ResponseSpecification$content$1.callCurrent(Unknown Source)
	at io.restassured.internal.ResponseSpecificationImpl.body(ResponseSpecificationImpl.groovy:248)
	at io.restassured.internal.ValidatableResponseOptionsImpl.body(ValidatableResponseOptionsImpl.java:268)
	at com.skywind.qa.test.SpinTest.testSpin(SpinTest.java:82)
... Removed 38 stack frames]]>
    </failure>
  </testcase> <!-- testSpin -->
  <testcase name="testSpin" time="0.165" classname="com.skywind.qa.test.SpinTest">
    <failure type="java.lang.AssertionError" message="1 expectation failed.
JSON path result.totalWin doesn&amp;apos;t match.
Expected: &amp;lt;0&amp;gt;
  Actual: 100
">
      <![CDATA[java.lang.AssertionError: 1 expectation failed.
JSON path result.totalWin doesn't match.
Expected: <0>
  Actual: 100

	at org.codehaus.groovy.runtime.callsite.ConstructorSite$ConstructorSiteNoUnwrap.callConstructor(ConstructorSite.java:84)
	at org.codehaus.groovy.runtime.callsite.AbstractCallSite.callConstructor(AbstractCallSite.java:247)
	at io.restassured.internal.ResponseSpecificationImpl$HamcrestAssertionClosure.validate(ResponseSpecificationImpl.groovy:471)
	at io.restassured.internal.ResponseSpecificationImpl$HamcrestAssertionClosure$validate$1.call(Unknown Source)
	at io.restassured.internal.ResponseSpecificationImpl.validateResponseIfRequired(ResponseSpecificationImpl.groovy:643)
	at org.codehaus.groovy.runtime.callsite.PogoMetaMethodSite$PogoCachedMethodSiteNoUnwrapNoCoerce.invoke(PogoMetaMethodSite.java:210)
	at org.codehaus.groovy.runtime.callsite.PogoMetaMethodSite.callCurrent(PogoMetaMethodSite.java:59)
	at org.codehaus.groovy.runtime.callsite.AbstractCallSite.callCurrent(AbstractCallSite.java:166)
	at io.restassured.internal.ResponseSpecificationImpl.content(ResponseSpecificationImpl.groovy:265)
	at io.restassured.specification.ResponseSpecification$content$1.callCurrent(Unknown Source)
	at io.restassured.internal.ResponseSpecificationImpl.body(ResponseSpecificationImpl.groovy:248)
	at io.restassured.internal.ValidatableResponseOptionsImpl.body(ValidatableResponseOptionsImpl.java:268)
	at com.skywind.qa.test.SpinTest.testSpin(SpinTest.java:82)
... Removed 38 stack frames]]>
    </failure>
  </testcase> <!-- testSpin -->
  <testcase name="testSpin" time="0.154" classname="com.skywind.qa.test.SpinTest">
    <failure type="java.lang.AssertionError" message="1 expectation failed.
JSON path result.totalWin doesn&amp;apos;t match.
Expected: &amp;lt;100&amp;gt;
  Actual: 0
">
      <![CDATA[java.lang.AssertionError: 1 expectation failed.
JSON path result.totalWin doesn't match.
Expected: <100>
  Actual: 0

	at org.codehaus.groovy.runtime.callsite.ConstructorSite$ConstructorSiteNoUnwrap.callConstructor(ConstructorSite.java:84)
	at org.codehaus.groovy.runtime.callsite.AbstractCallSite.callConstructor(AbstractCallSite.java:247)
	at io.restassured.internal.ResponseSpecificationImpl$HamcrestAssertionClosure.validate(ResponseSpecificationImpl.groovy:471)
	at io.restassured.internal.ResponseSpecificationImpl$HamcrestAssertionClosure$validate$1.call(Unknown Source)
	at io.restassured.internal.ResponseSpecificationImpl.validateResponseIfRequired(ResponseSpecificationImpl.groovy:643)
	at org.codehaus.groovy.runtime.callsite.PogoMetaMethodSite$PogoCachedMethodSiteNoUnwrapNoCoerce.invoke(PogoMetaMethodSite.java:210)
	at org.codehaus.groovy.runtime.callsite.PogoMetaMethodSite.callCurrent(PogoMetaMethodSite.java:59)
	at org.codehaus.groovy.runtime.callsite.AbstractCallSite.callCurrent(AbstractCallSite.java:166)
	at io.restassured.internal.ResponseSpecificationImpl.content(ResponseSpecificationImpl.groovy:265)
	at io.restassured.specification.ResponseSpecification$content$1.callCurrent(Unknown Source)
	at io.restassured.internal.ResponseSpecificationImpl.body(ResponseSpecificationImpl.groovy:248)
	at io.restassured.internal.ValidatableResponseOptionsImpl.body(ValidatableResponseOptionsImpl.java:268)
	at com.skywind.qa.test.SpinTest.testSpin(SpinTest.java:82)
... Removed 38 stack frames]]>
    </failure>
  </testcase> <!-- testSpin -->
  <testcase name="testSpin" time="0.185" classname="com.skywind.qa.test.SpinTest"/>
  <testcase name="testSpin" time="0.159" classname="com.skywind.qa.test.SpinTest">
    <failure type="java.lang.AssertionError" message="1 expectation failed.
JSON path result.totalWin doesn&amp;apos;t match.
Expected: &amp;lt;300&amp;gt;
  Actual: 75
">
      <![CDATA[java.lang.AssertionError: 1 expectation failed.
JSON path result.totalWin doesn't match.
Expected: <300>
  Actual: 75

	at org.codehaus.groovy.runtime.callsite.ConstructorSite$ConstructorSiteNoUnwrap.callConstructor(ConstructorSite.java:84)
	at org.codehaus.groovy.runtime.callsite.AbstractCallSite.callConstructor(AbstractCallSite.java:247)
	at io.restassured.internal.ResponseSpecificationImpl$HamcrestAssertionClosure.validate(ResponseSpecificationImpl.groovy:471)
	at io.restassured.internal.ResponseSpecificationImpl$HamcrestAssertionClosure$validate$1.call(Unknown Source)
	at io.restassured.internal.ResponseSpecificationImpl.validateResponseIfRequired(ResponseSpecificationImpl.groovy:643)
	at org.codehaus.groovy.runtime.callsite.PogoMetaMethodSite$PogoCachedMethodSiteNoUnwrapNoCoerce.invoke(PogoMetaMethodSite.java:210)
	at org.codehaus.groovy.runtime.callsite.PogoMetaMethodSite.callCurrent(PogoMetaMethodSite.java:59)
	at org.codehaus.groovy.runtime.callsite.AbstractCallSite.callCurrent(AbstractCallSite.java:166)
	at io.restassured.internal.ResponseSpecificationImpl.content(ResponseSpecificationImpl.groovy:265)
	at io.restassured.specification.ResponseSpecification$content$1.callCurrent(Unknown Source)
	at io.restassured.internal.ResponseSpecificationImpl.body(ResponseSpecificationImpl.groovy:248)
	at io.restassured.internal.ValidatableResponseOptionsImpl.body(ValidatableResponseOptionsImpl.java:268)
	at com.skywind.qa.test.SpinTest.testSpin(SpinTest.java:82)
... Removed 38 stack frames]]>
    </failure>
  </testcase> <!-- testSpin -->
  <testcase name="testSpin" time="0.149" classname="com.skywind.qa.test.SpinTest"/>
  <testcase name="testSpin" time="0.146" classname="com.skywind.qa.test.SpinTest"/>
  <testcase name="testSpin" time="0.187" classname="com.skywind.qa.test.SpinTest"/>
  <testcase name="testSpin" time="0.251" classname="com.skywind.qa.test.SpinTest"/>
  <testcase name="testSpin" time="0.142" classname="com.skywind.qa.test.SpinTest"/>
  <testcase name="testSpin" time="0.171" classname="com.skywind.qa.test.SpinTest">
    <failure type="java.lang.AssertionError" message="1 expectation failed.
JSON path result.totalWin doesn&amp;apos;t match.
Expected: &amp;lt;200&amp;gt;
  Actual: 60
">
      <![CDATA[java.lang.AssertionError: 1 expectation failed.
JSON path result.totalWin doesn't match.
Expected: <200>
  Actual: 60

	at org.codehaus.groovy.runtime.callsite.ConstructorSite$ConstructorSiteNoUnwrap.callConstructor(ConstructorSite.java:84)
	at org.codehaus.groovy.runtime.callsite.AbstractCallSite.callConstructor(AbstractCallSite.java:247)
	at io.restassured.internal.ResponseSpecificationImpl$HamcrestAssertionClosure.validate(ResponseSpecificationImpl.groovy:471)
	at io.restassured.internal.ResponseSpecificationImpl$HamcrestAssertionClosure$validate$1.call(Unknown Source)
	at io.restassured.internal.ResponseSpecificationImpl.validateResponseIfRequired(ResponseSpecificationImpl.groovy:643)
	at org.codehaus.groovy.runtime.callsite.PogoMetaMethodSite$PogoCachedMethodSiteNoUnwrapNoCoerce.invoke(PogoMetaMethodSite.java:210)
	at org.codehaus.groovy.runtime.callsite.PogoMetaMethodSite.callCurrent(PogoMetaMethodSite.java:59)
	at org.codehaus.groovy.runtime.callsite.AbstractCallSite.callCurrent(AbstractCallSite.java:166)
	at io.restassured.internal.ResponseSpecificationImpl.content(ResponseSpecificationImpl.groovy:265)
	at io.restassured.specification.ResponseSpecification$content$1.callCurrent(Unknown Source)
	at io.restassured.internal.ResponseSpecificationImpl.body(ResponseSpecificationImpl.groovy:248)
	at io.restassured.internal.ValidatableResponseOptionsImpl.body(ValidatableResponseOptionsImpl.java:268)
	at com.skywind.qa.test.SpinTest.testSpin(SpinTest.java:82)
... Removed 37 stack frames]]>
    </failure>
  </testcase> <!-- testSpin -->
  <testcase name="testSpin" time="0.15" classname="com.skywind.qa.test.SpinTest"/>
  <testcase name="testSpin" time="0.172" classname="com.skywind.qa.test.SpinTest">
    <failure type="java.lang.AssertionError" message="1 expectation failed.
JSON path result.totalWin doesn&amp;apos;t match.
Expected: &amp;lt;120&amp;gt;
  Actual: 60
">
      <![CDATA[java.lang.AssertionError: 1 expectation failed.
JSON path result.totalWin doesn't match.
Expected: <120>
  Actual: 60

	at org.codehaus.groovy.runtime.callsite.ConstructorSite$ConstructorSiteNoUnwrap.callConstructor(ConstructorSite.java:84)
	at org.codehaus.groovy.runtime.callsite.AbstractCallSite.callConstructor(AbstractCallSite.java:247)
	at io.restassured.internal.ResponseSpecificationImpl$HamcrestAssertionClosure.validate(ResponseSpecificationImpl.groovy:471)
	at io.restassured.internal.ResponseSpecificationImpl$HamcrestAssertionClosure$validate$1.call(Unknown Source)
	at io.restassured.internal.ResponseSpecificationImpl.validateResponseIfRequired(ResponseSpecificationImpl.groovy:643)
	at org.codehaus.groovy.runtime.callsite.PogoMetaMethodSite$PogoCachedMethodSiteNoUnwrapNoCoerce.invoke(PogoMetaMethodSite.java:210)
	at org.codehaus.groovy.runtime.callsite.PogoMetaMethodSite.callCurrent(PogoMetaMethodSite.java:59)
	at org.codehaus.groovy.runtime.callsite.AbstractCallSite.callCurrent(AbstractCallSite.java:166)
	at io.restassured.internal.ResponseSpecificationImpl.content(ResponseSpecificationImpl.groovy:265)
	at io.restassured.specification.ResponseSpecification$content$1.callCurrent(Unknown Source)
	at io.restassured.internal.ResponseSpecificationImpl.body(ResponseSpecificationImpl.groovy:248)
	at io.restassured.internal.ValidatableResponseOptionsImpl.body(ValidatableResponseOptionsImpl.java:268)
	at com.skywind.qa.test.SpinTest.testSpin(SpinTest.java:82)
... Removed 37 stack frames]]>
    </failure>
  </testcase> <!-- testSpin -->
  <testcase name="testSpin" time="0.15" classname="com.skywind.qa.test.SpinTest">
    <failure type="java.lang.AssertionError" message="1 expectation failed.
JSON path result.totalWin doesn&amp;apos;t match.
Expected: &amp;lt;0&amp;gt;
  Actual: 20
">
      <![CDATA[java.lang.AssertionError: 1 expectation failed.
JSON path result.totalWin doesn't match.
Expected: <0>
  Actual: 20

	at org.codehaus.groovy.runtime.callsite.ConstructorSite$ConstructorSiteNoUnwrap.callConstructor(ConstructorSite.java:84)
	at org.codehaus.groovy.runtime.callsite.AbstractCallSite.callConstructor(AbstractCallSite.java:247)
	at io.restassured.internal.ResponseSpecificationImpl$HamcrestAssertionClosure.validate(ResponseSpecificationImpl.groovy:471)
	at io.restassured.internal.ResponseSpecificationImpl$HamcrestAssertionClosure$validate$1.call(Unknown Source)
	at io.restassured.internal.ResponseSpecificationImpl.validateResponseIfRequired(ResponseSpecificationImpl.groovy:643)
	at org.codehaus.groovy.runtime.callsite.PogoMetaMethodSite$PogoCachedMethodSiteNoUnwrapNoCoerce.invoke(PogoMetaMethodSite.java:210)
	at org.codehaus.groovy.runtime.callsite.PogoMetaMethodSite.callCurrent(PogoMetaMethodSite.java:59)
	at org.codehaus.groovy.runtime.callsite.AbstractCallSite.callCurrent(AbstractCallSite.java:166)
	at io.restassured.internal.ResponseSpecificationImpl.content(ResponseSpecificationImpl.groovy:265)
	at io.restassured.specification.ResponseSpecification$content$1.callCurrent(Unknown Source)
	at io.restassured.internal.ResponseSpecificationImpl.body(ResponseSpecificationImpl.groovy:248)
	at io.restassured.internal.ValidatableResponseOptionsImpl.body(ValidatableResponseOptionsImpl.java:268)
	at com.skywind.qa.test.SpinTest.testSpin(SpinTest.java:82)
... Removed 37 stack frames]]>
    </failure>
  </testcase> <!-- testSpin -->
  <testcase name="testSpin" time="0.149" classname="com.skywind.qa.test.SpinTest">
    <failure type="java.lang.AssertionError" message="1 expectation failed.
JSON path result.totalWin doesn&amp;apos;t match.
Expected: &amp;lt;60&amp;gt;
  Actual: 0
">
      <![CDATA[java.lang.AssertionError: 1 expectation failed.
JSON path result.totalWin doesn't match.
Expected: <60>
  Actual: 0

	at org.codehaus.groovy.runtime.callsite.ConstructorSite$ConstructorSiteNoUnwrap.callConstructor(ConstructorSite.java:84)
	at org.codehaus.groovy.runtime.callsite.AbstractCallSite.callConstructor(AbstractCallSite.java:247)
	at io.restassured.internal.ResponseSpecificationImpl$HamcrestAssertionClosure.validate(ResponseSpecificationImpl.groovy:471)
	at io.restassured.internal.ResponseSpecificationImpl$HamcrestAssertionClosure$validate$1.call(Unknown Source)
	at io.restassured.internal.ResponseSpecificationImpl.validateResponseIfRequired(ResponseSpecificationImpl.groovy:643)
	at org.codehaus.groovy.runtime.callsite.PogoMetaMethodSite$PogoCachedMethodSiteNoUnwrapNoCoerce.invoke(PogoMetaMethodSite.java:210)
	at org.codehaus.groovy.runtime.callsite.PogoMetaMethodSite.callCurrent(PogoMetaMethodSite.java:59)
	at org.codehaus.groovy.runtime.callsite.AbstractCallSite.callCurrent(AbstractCallSite.java:166)
	at io.restassured.internal.ResponseSpecificationImpl.content(ResponseSpecificationImpl.groovy:265)
	at io.restassured.specification.ResponseSpecification$content$1.callCurrent(Unknown Source)
	at io.restassured.internal.ResponseSpecificationImpl.body(ResponseSpecificationImpl.groovy:248)
	at io.restassured.internal.ValidatableResponseOptionsImpl.body(ValidatableResponseOptionsImpl.java:268)
	at com.skywind.qa.test.SpinTest.testSpin(SpinTest.java:82)
... Removed 36 stack frames]]>
    </failure>
  </testcase> <!-- testSpin -->
  <testcase name="testSpin" time="0.142" classname="com.skywind.qa.test.SpinTest">
    <failure type="java.lang.AssertionError" message="1 expectation failed.
JSON path result.totalWin doesn&amp;apos;t match.
Expected: &amp;lt;0&amp;gt;
  Actual: 60
">
      <![CDATA[java.lang.AssertionError: 1 expectation failed.
JSON path result.totalWin doesn't match.
Expected: <0>
  Actual: 60

	at org.codehaus.groovy.runtime.callsite.ConstructorSite$ConstructorSiteNoUnwrap.callConstructor(ConstructorSite.java:84)
	at org.codehaus.groovy.runtime.callsite.AbstractCallSite.callConstructor(AbstractCallSite.java:247)
	at io.restassured.internal.ResponseSpecificationImpl$HamcrestAssertionClosure.validate(ResponseSpecificationImpl.groovy:471)
	at io.restassured.internal.ResponseSpecificationImpl$HamcrestAssertionClosure$validate$1.call(Unknown Source)
	at io.restassured.internal.ResponseSpecificationImpl.validateResponseIfRequired(ResponseSpecificationImpl.groovy:643)
	at org.codehaus.groovy.runtime.callsite.PogoMetaMethodSite$PogoCachedMethodSiteNoUnwrapNoCoerce.invoke(PogoMetaMethodSite.java:210)
	at org.codehaus.groovy.runtime.callsite.PogoMetaMethodSite.callCurrent(PogoMetaMethodSite.java:59)
	at org.codehaus.groovy.runtime.callsite.AbstractCallSite.callCurrent(AbstractCallSite.java:166)
	at io.restassured.internal.ResponseSpecificationImpl.content(ResponseSpecificationImpl.groovy:265)
	at io.restassured.specification.ResponseSpecification$content$1.callCurrent(Unknown Source)
	at io.restassured.internal.ResponseSpecificationImpl.body(ResponseSpecificationImpl.groovy:248)
	at io.restassured.internal.ValidatableResponseOptionsImpl.body(ValidatableResponseOptionsImpl.java:268)
	at com.skywind.qa.test.SpinTest.testSpin(SpinTest.java:82)
... Removed 36 stack frames]]>
    </failure>
  </testcase> <!-- testSpin -->
  <testcase name="testSpin" time="0.216" classname="com.skywind.qa.test.SpinTest">
    <failure type="java.lang.AssertionError" message="1 expectation failed.
JSON path result.totalWin doesn&amp;apos;t match.
Expected: &amp;lt;150&amp;gt;
  Actual: 70
">
      <![CDATA[java.lang.AssertionError: 1 expectation failed.
JSON path result.totalWin doesn't match.
Expected: <150>
  Actual: 70

	at org.codehaus.groovy.runtime.callsite.ConstructorSite$ConstructorSiteNoUnwrap.callConstructor(ConstructorSite.java:84)
	at org.codehaus.groovy.runtime.callsite.AbstractCallSite.callConstructor(AbstractCallSite.java:247)
	at io.restassured.internal.ResponseSpecificationImpl$HamcrestAssertionClosure.validate(ResponseSpecificationImpl.groovy:471)
	at io.restassured.internal.ResponseSpecificationImpl$HamcrestAssertionClosure$validate$1.call(Unknown Source)
	at io.restassured.internal.ResponseSpecificationImpl.validateResponseIfRequired(ResponseSpecificationImpl.groovy:643)
	at org.codehaus.groovy.runtime.callsite.PogoMetaMethodSite$PogoCachedMethodSiteNoUnwrapNoCoerce.invoke(PogoMetaMethodSite.java:210)
	at org.codehaus.groovy.runtime.callsite.PogoMetaMethodSite.callCurrent(PogoMetaMethodSite.java:59)
	at org.codehaus.groovy.runtime.callsite.AbstractCallSite.callCurrent(AbstractCallSite.java:166)
	at io.restassured.internal.ResponseSpecificationImpl.content(ResponseSpecificationImpl.groovy:265)
	at io.restassured.specification.ResponseSpecification$content$1.callCurrent(Unknown Source)
	at io.restassured.internal.ResponseSpecificationImpl.body(ResponseSpecificationImpl.groovy:248)
	at io.restassured.internal.ValidatableResponseOptionsImpl.body(ValidatableResponseOptionsImpl.java:268)
	at com.skywind.qa.test.SpinTest.testSpin(SpinTest.java:82)
... Removed 36 stack frames]]>
    </failure>
  </testcase> <!-- testSpin -->
  <testcase name="testSpin" time="0.253" classname="com.skywind.qa.test.SpinTest">
    <failure type="java.lang.AssertionError" message="1 expectation failed.
JSON path result.totalWin doesn&amp;apos;t match.
Expected: &amp;lt;0&amp;gt;
  Actual: 48
">
      <![CDATA[java.lang.AssertionError: 1 expectation failed.
JSON path result.totalWin doesn't match.
Expected: <0>
  Actual: 48

	at org.codehaus.groovy.runtime.callsite.ConstructorSite$ConstructorSiteNoUnwrap.callConstructor(ConstructorSite.java:84)
	at org.codehaus.groovy.runtime.callsite.AbstractCallSite.callConstructor(AbstractCallSite.java:247)
	at io.restassured.internal.ResponseSpecificationImpl$HamcrestAssertionClosure.validate(ResponseSpecificationImpl.groovy:471)
	at io.restassured.internal.ResponseSpecificationImpl$HamcrestAssertionClosure$validate$1.call(Unknown Source)
	at io.restassured.internal.ResponseSpecificationImpl.validateResponseIfRequired(ResponseSpecificationImpl.groovy:643)
	at org.codehaus.groovy.runtime.callsite.PogoMetaMethodSite$PogoCachedMethodSiteNoUnwrapNoCoerce.invoke(PogoMetaMethodSite.java:210)
	at org.codehaus.groovy.runtime.callsite.PogoMetaMethodSite.callCurrent(PogoMetaMethodSite.java:59)
	at org.codehaus.groovy.runtime.callsite.AbstractCallSite.callCurrent(AbstractCallSite.java:166)
	at io.restassured.internal.ResponseSpecificationImpl.content(ResponseSpecificationImpl.groovy:265)
	at io.restassured.specification.ResponseSpecification$content$1.callCurrent(Unknown Source)
	at io.restassured.internal.ResponseSpecificationImpl.body(ResponseSpecificationImpl.groovy:248)
	at io.restassured.internal.ValidatableResponseOptionsImpl.body(ValidatableResponseOptionsImpl.java:268)
	at com.skywind.qa.test.SpinTest.testSpin(SpinTest.java:82)
... Removed 36 stack frames]]>
    </failure>
  </testcase> <!-- testSpin -->
  <testcase name="testSpin" time="0.192" classname="com.skywind.qa.test.SpinTest">
    <failure type="java.lang.AssertionError" message="1 expectation failed.
JSON path result.totalWin doesn&amp;apos;t match.
Expected: &amp;lt;80&amp;gt;
  Actual: 0
">
      <![CDATA[java.lang.AssertionError: 1 expectation failed.
JSON path result.totalWin doesn't match.
Expected: <80>
  Actual: 0

	at org.codehaus.groovy.runtime.callsite.ConstructorSite$ConstructorSiteNoUnwrap.callConstructor(ConstructorSite.java:84)
	at org.codehaus.groovy.runtime.callsite.AbstractCallSite.callConstructor(AbstractCallSite.java:247)
	at io.restassured.internal.ResponseSpecificationImpl$HamcrestAssertionClosure.validate(ResponseSpecificationImpl.groovy:471)
	at io.restassured.internal.ResponseSpecificationImpl$HamcrestAssertionClosure$validate$1.call(Unknown Source)
	at io.restassured.internal.ResponseSpecificationImpl.validateResponseIfRequired(ResponseSpecificationImpl.groovy:643)
	at org.codehaus.groovy.runtime.callsite.PogoMetaMethodSite$PogoCachedMethodSiteNoUnwrapNoCoerce.invoke(PogoMetaMethodSite.java:210)
	at org.codehaus.groovy.runtime.callsite.PogoMetaMethodSite.callCurrent(PogoMetaMethodSite.java:59)
	at org.codehaus.groovy.runtime.callsite.AbstractCallSite.callCurrent(AbstractCallSite.java:166)
	at io.restassured.internal.ResponseSpecificationImpl.content(ResponseSpecificationImpl.groovy:265)
	at io.restassured.specification.ResponseSpecification$content$1.callCurrent(Unknown Source)
	at io.restassured.internal.ResponseSpecificationImpl.body(ResponseSpecificationImpl.groovy:248)
	at io.restassured.internal.ValidatableResponseOptionsImpl.body(ValidatableResponseOptionsImpl.java:268)
	at com.skywind.qa.test.SpinTest.testSpin(SpinTest.java:82)
... Removed 36 stack frames]]>
    </failure>
  </testcase> <!-- testSpin -->
  <testcase name="testSpin" time="0.211" classname="com.skywind.qa.test.SpinTest"/>
  <testcase name="testSpin" time="0.239" classname="com.skywind.qa.test.SpinTest">
    <failure type="java.lang.AssertionError" message="1 expectation failed.
JSON path result.totalWin doesn&amp;apos;t match.
Expected: &amp;lt;30&amp;gt;
  Actual: 20
">
      <![CDATA[java.lang.AssertionError: 1 expectation failed.
JSON path result.totalWin doesn't match.
Expected: <30>
  Actual: 20

	at org.codehaus.groovy.runtime.callsite.ConstructorSite$ConstructorSiteNoUnwrap.callConstructor(ConstructorSite.java:84)
	at org.codehaus.groovy.runtime.callsite.AbstractCallSite.callConstructor(AbstractCallSite.java:247)
	at io.restassured.internal.ResponseSpecificationImpl$HamcrestAssertionClosure.validate(ResponseSpecificationImpl.groovy:471)
	at io.restassured.internal.ResponseSpecificationImpl$HamcrestAssertionClosure$validate$1.call(Unknown Source)
	at io.restassured.internal.ResponseSpecificationImpl.validateResponseIfRequired(ResponseSpecificationImpl.groovy:643)
	at org.codehaus.groovy.runtime.callsite.PogoMetaMethodSite$PogoCachedMethodSiteNoUnwrapNoCoerce.invoke(PogoMetaMethodSite.java:210)
	at org.codehaus.groovy.runtime.callsite.PogoMetaMethodSite.callCurrent(PogoMetaMethodSite.java:59)
	at org.codehaus.groovy.runtime.callsite.AbstractCallSite.callCurrent(AbstractCallSite.java:166)
	at io.restassured.internal.ResponseSpecificationImpl.content(ResponseSpecificationImpl.groovy:265)
	at io.restassured.specification.ResponseSpecification$content$1.callCurrent(Unknown Source)
	at io.restassured.internal.ResponseSpecificationImpl.body(ResponseSpecificationImpl.groovy:248)
	at io.restassured.internal.ValidatableResponseOptionsImpl.body(ValidatableResponseOptionsImpl.java:268)
	at com.skywind.qa.test.SpinTest.testSpin(SpinTest.java:82)
... Removed 36 stack frames]]>
    </failure>
  </testcase> <!-- testSpin -->
  <testcase name="testSpin" time="0.141" classname="com.skywind.qa.test.SpinTest"/>
  <testcase name="testSpin" time="0.171" classname="com.skywind.qa.test.SpinTest">
    <failure type="java.lang.AssertionError" message="1 expectation failed.
JSON path result.totalWin doesn&amp;apos;t match.
Expected: &amp;lt;100&amp;gt;
  Actual: 6
">
      <![CDATA[java.lang.AssertionError: 1 expectation failed.
JSON path result.totalWin doesn't match.
Expected: <100>
  Actual: 6

	at org.codehaus.groovy.runtime.callsite.ConstructorSite$ConstructorSiteNoUnwrap.callConstructor(ConstructorSite.java:84)
	at org.codehaus.groovy.runtime.callsite.AbstractCallSite.callConstructor(AbstractCallSite.java:247)
	at io.restassured.internal.ResponseSpecificationImpl$HamcrestAssertionClosure.validate(ResponseSpecificationImpl.groovy:471)
	at io.restassured.internal.ResponseSpecificationImpl$HamcrestAssertionClosure$validate$1.call(Unknown Source)
	at io.restassured.internal.ResponseSpecificationImpl.validateResponseIfRequired(ResponseSpecificationImpl.groovy:643)
	at org.codehaus.groovy.runtime.callsite.PogoMetaMethodSite$PogoCachedMethodSiteNoUnwrapNoCoerce.invoke(PogoMetaMethodSite.java:210)
	at org.codehaus.groovy.runtime.callsite.PogoMetaMethodSite.callCurrent(PogoMetaMethodSite.java:59)
	at org.codehaus.groovy.runtime.callsite.AbstractCallSite.callCurrent(AbstractCallSite.java:166)
	at io.restassured.internal.ResponseSpecificationImpl.content(ResponseSpecificationImpl.groovy:265)
	at io.restassured.specification.ResponseSpecification$content$1.callCurrent(Unknown Source)
	at io.restassured.internal.ResponseSpecificationImpl.body(ResponseSpecificationImpl.groovy:248)
	at io.restassured.internal.ValidatableResponseOptionsImpl.body(ValidatableResponseOptionsImpl.java:268)
	at com.skywind.qa.test.SpinTest.testSpin(SpinTest.java:82)
... Removed 36 stack frames]]>
    </failure>
  </testcase> <!-- testSpin -->
  <testcase name="testSpin" time="0.214" classname="com.skywind.qa.test.SpinTest"/>
  <testcase name="testSpin" time="0.19" classname="com.skywind.qa.test.SpinTest">
    <failure type="java.lang.AssertionError" message="1 expectation failed.
JSON path result.totalWin doesn&amp;apos;t match.
Expected: &amp;lt;45&amp;gt;
  Actual: 0
">
      <![CDATA[java.lang.AssertionError: 1 expectation failed.
JSON path result.totalWin doesn't match.
Expected: <45>
  Actual: 0

	at org.codehaus.groovy.runtime.callsite.ConstructorSite$ConstructorSiteNoUnwrap.callConstructor(ConstructorSite.java:84)
	at org.codehaus.groovy.runtime.callsite.AbstractCallSite.callConstructor(AbstractCallSite.java:247)
	at io.restassured.internal.ResponseSpecificationImpl$HamcrestAssertionClosure.validate(ResponseSpecificationImpl.groovy:471)
	at io.restassured.internal.ResponseSpecificationImpl$HamcrestAssertionClosure$validate$1.call(Unknown Source)
	at io.restassured.internal.ResponseSpecificationImpl.validateResponseIfRequired(ResponseSpecificationImpl.groovy:643)
	at org.codehaus.groovy.runtime.callsite.PogoMetaMethodSite$PogoCachedMethodSiteNoUnwrapNoCoerce.invoke(PogoMetaMethodSite.java:210)
	at org.codehaus.groovy.runtime.callsite.PogoMetaMethodSite.callCurrent(PogoMetaMethodSite.java:59)
	at org.codehaus.groovy.runtime.callsite.AbstractCallSite.callCurrent(AbstractCallSite.java:166)
	at io.restassured.internal.ResponseSpecificationImpl.content(ResponseSpecificationImpl.groovy:265)
	at io.restassured.specification.ResponseSpecification$content$1.callCurrent(Unknown Source)
	at io.restassured.internal.ResponseSpecificationImpl.body(ResponseSpecificationImpl.groovy:248)
	at io.restassured.internal.ValidatableResponseOptionsImpl.body(ValidatableResponseOptionsImpl.java:268)
	at com.skywind.qa.test.SpinTest.testSpin(SpinTest.java:82)
... Removed 35 stack frames]]>
    </failure>
  </testcase> <!-- testSpin -->
  <testcase name="testSpin" time="0.192" classname="com.skywind.qa.test.SpinTest"/>
  <testcase name="testSpin" time="0.184" classname="com.skywind.qa.test.SpinTest"/>
  <testcase name="testSpin" time="0.147" classname="com.skywind.qa.test.SpinTest"/>
  <testcase name="testSpin" time="0.144" classname="com.skywind.qa.test.SpinTest"/>
  <testcase name="testSpin" time="0.133" classname="com.skywind.qa.test.SpinTest"/>
  <testcase name="testSpin" time="0.166" classname="com.skywind.qa.test.SpinTest"/>
  <testcase name="testSpin" time="0.186" classname="com.skywind.qa.test.SpinTest"/>
  <testcase name="testSpin" time="0.18" classname="com.skywind.qa.test.SpinTest"/>
  <testcase name="testSpin" time="0.184" classname="com.skywind.qa.test.SpinTest"/>
  <testcase name="testSpin" time="0.143" classname="com.skywind.qa.test.SpinTest"/>
  <testcase name="testSpin" time="0.166" classname="com.skywind.qa.test.SpinTest"/>
  <testcase name="testSpin" time="0.178" classname="com.skywind.qa.test.SpinTest"/>
  <testcase name="testSpin" time="0.216" classname="com.skywind.qa.test.SpinTest"/>
  <testcase name="testSpin" time="0.141" classname="com.skywind.qa.test.SpinTest"/>
  <testcase name="testSpin" time="0.153" classname="com.skywind.qa.test.SpinTest"/>
  <testcase name="testSpin" time="0.154" classname="com.skywind.qa.test.SpinTest"/>
  <testcase name="testSpin" time="0.15" classname="com.skywind.qa.test.SpinTest"/>
  <testcase name="testSpin" time="0.141" classname="com.skywind.qa.test.SpinTest"/>
  <testcase name="testSpin" time="0.163" classname="com.skywind.qa.test.SpinTest"/>
  <testcase name="testSpin" time="0.164" classname="com.skywind.qa.test.SpinTest"/>
  <testcase name="testSpin" time="0.179" classname="com.skywind.qa.test.SpinTest"/>
  <testcase name="testSpin" time="0.156" classname="com.skywind.qa.test.SpinTest"/>
  <testcase name="testSpin" time="0.139" classname="com.skywind.qa.test.SpinTest"/>
  <testcase name="testSpin" time="0.139" classname="com.skywind.qa.test.SpinTest"/>
  <testcase name="testSpin" time="0.144" classname="com.skywind.qa.test.SpinTest"/>
  <testcase name="testSpin" time="0.139" classname="com.skywind.qa.test.SpinTest"/>
  <testcase name="testSpin" time="0.142" classname="com.skywind.qa.test.SpinTest"/>
  <testcase name="testSpin" time="0.143" classname="com.skywind.qa.test.SpinTest"/>
  <testcase name="testSpin" time="0.146" classname="com.skywind.qa.test.SpinTest"/>
  <testcase name="testSpin" time="0.141" classname="com.skywind.qa.test.SpinTest"/>
  <testcase name="testSpin" time="0.217" classname="com.skywind.qa.test.SpinTest"/>
  <testcase name="testSpin" time="0.204" classname="com.skywind.qa.test.SpinTest"/>
  <testcase name="testSpin" time="0.174" classname="com.skywind.qa.test.SpinTest"/>
  <testcase name="testSpin" time="0.163" classname="com.skywind.qa.test.SpinTest"/>
  <testcase name="testSpin" time="0.16" classname="com.skywind.qa.test.SpinTest"/>
  <testcase name="testSpin" time="0.178" classname="com.skywind.qa.test.SpinTest"/>
  <testcase name="testSpin" time="0.138" classname="com.skywind.qa.test.SpinTest"/>
  <testcase name="testSpin" time="0.139" classname="com.skywind.qa.test.SpinTest"/>
  <testcase name="testSpin" time="0.131" classname="com.skywind.qa.test.SpinTest"/>
  <testcase name="testSpin" time="0.139" classname="com.skywind.qa.test.SpinTest"/>
  <testcase name="testSpin" time="0.162" classname="com.skywind.qa.test.SpinTest"/>
  <testcase name="testSpin" time="0.163" classname="com.skywind.qa.test.SpinTest"/>
  <testcase name="testSpin" time="0.153" classname="com.skywind.qa.test.SpinTest"/>
  <testcase name="testSpin" time="0.142" classname="com.skywind.qa.test.SpinTest"/>
  <testcase name="testSpin" time="0.128" classname="com.skywind.qa.test.SpinTest"/>
  <testcase name="testSpin" time="0.137" classname="com.skywind.qa.test.SpinTest"/>
  <testcase name="testSpin" time="0.231" classname="com.skywind.qa.test.SpinTest"/>
  <testcase name="testSpin" time="0.158" classname="com.skywind.qa.test.SpinTest"/>
  <testcase name="testSpin" time="0.157" classname="com.skywind.qa.test.SpinTest"/>
  <testcase name="testSpin" time="0.133" classname="com.skywind.qa.test.SpinTest"/>
  <testcase name="testSpin" time="0.23" classname="com.skywind.qa.test.SpinTest"/>
  <testcase name="testSpin" time="0.152" classname="com.skywind.qa.test.SpinTest"/>
</testsuite> <!-- Surefire test -->
