<?xml version="1.0" encoding="UTF-8"?>
<testsuite name="TestSuite" time="0.334" tests="79" errors="0" skipped="0" failures="17">
  <properties>
[...]
</properties>
  <testcase name="testSpin" classname="com.skywind.qa.test.SpinTest" time="0.334">
    <failure message="1 expectation failed.&#10;JSON path result.totalWin doesn&apos;t match.&#10;Expected: &lt;5000&gt;&#10;  Actual: 0&#10;" type="java.lang.AssertionError"><![CDATA[java.lang.AssertionError: 1 expectation failed.
JSON path result.totalWin doesn't match.
Expected: <5000>
  Actual: 0

	at sun.reflect.NativeConstructorAccessorImpl.newInstance0(Native Method)
	at sun.reflect.NativeConstructorAccessorImpl.newInstance(NativeConstructorAccessorImpl.java:62)
	at sun.reflect.DelegatingConstructorAccessorImpl.newInstance(DelegatingConstructorAccessorImpl.java:45)
	at java.lang.reflect.Constructor.newInstance(Constructor.java:422)
	at org.codehaus.groovy.reflection.CachedConstructor.invoke(CachedConstructor.java:83)
	at org.codehaus.groovy.reflection.CachedConstructor.doConstructorInvoke(CachedConstructor.java:77)
	at org.codehaus.groovy.runtime.callsite.ConstructorSite$ConstructorSiteNoUnwrap.callConstructor(ConstructorSite.java:84)
	at org.codehaus.groovy.runtime.callsite.CallSiteArray.defaultCallConstructor(CallSiteArray.java:60)
	at org.codehaus.groovy.runtime.callsite.AbstractCallSite.callConstructor(AbstractCallSite.java:235)
	at org.codehaus.groovy.runtime.callsite.AbstractCallSite.callConstructor(AbstractCallSite.java:247)
	at io.restassured.internal.ResponseSpecificationImpl$HamcrestAssertionClosure.validate(ResponseSpecificationImpl.groovy:471)
	at io.restassured.internal.ResponseSpecificationImpl$HamcrestAssertionClosure$validate$1.call(Unknown Source)
	at io.restassured.internal.ResponseSpecificationImpl.validateResponseIfRequired(ResponseSpecificationImpl.groovy:643)
	at sun.reflect.NativeMethodAccessorImpl.invoke0(Native Method)
	at sun.reflect.NativeMethodAccessorImpl.invoke(NativeMethodAccessorImpl.java:62)
	at sun.reflect.DelegatingMethodAccessorImpl.invoke(DelegatingMethodAccessorImpl.java:43)
	at java.lang.reflect.Method.invoke(Method.java:497)
	at org.codehaus.groovy.runtime.callsite.PogoMetaMethodSite$PogoCachedMethodSiteNoUnwrapNoCoerce.invoke(PogoMetaMethodSite.java:210)
	at org.codehaus.groovy.runtime.callsite.PogoMetaMethodSite.callCurrent(PogoMetaMethodSite.java:59)
	at org.codehaus.groovy.runtime.callsite.CallSiteArray.defaultCallCurrent(CallSiteArray.java:52)
	at org.codehaus.groovy.runtime.callsite.AbstractCallSite.callCurrent(AbstractCallSite.java:154)
	at org.codehaus.groovy.runtime.callsite.AbstractCallSite.callCurrent(AbstractCallSite.java:166)
	at io.restassured.internal.ResponseSpecificationImpl.content(ResponseSpecificationImpl.groovy:265)
	at io.restassured.specification.ResponseSpecification$content$1.callCurrent(Unknown Source)
	at org.codehaus.groovy.runtime.callsite.CallSiteArray.defaultCallCurrent(CallSiteArray.java:52)
	at org.codehaus.groovy.runtime.callsite.AbstractCallSite.callCurrent(AbstractCallSite.java:154)
	at org.codehaus.groovy.runtime.callsite.AbstractCallSite.callCurrent(AbstractCallSite.java:190)
	at io.restassured.internal.ResponseSpecificationImpl.body(ResponseSpecificationImpl.groovy:248)
	at io.restassured.internal.ValidatableResponseOptionsImpl.body(ValidatableResponseOptionsImpl.java:268)
	at com.skywind.qa.test.SpinTest.testSpin(SpinTest.java:82)
]]></failure>
    <system-out><![CDATA[Configuring TestNG with: TestNG652Configurator
Request method:	POST
Request URI:	http://api.cd2.d.skywind-tech.com:4001/casino/game2
Proxy:			<none>
Request params:	<none>
Query params:	<none>
Form params:	<none>
Path params:	<none>
Headers:		Accept=*/*
				Content-Type=application/json; charset=UTF-8
Cookies:		<none>
Multiparts:		<none>
Body:
{
    "deviceId": "web",
    "gameId": "sw_gk",
    "request": "init",
    "startGameToken": {
        "brandId": 1,
        "currency": "USD"
    }
}
Request method:	POST
Request URI:	http://api.cd2.d.skywind-tech.com:4001/casino/game2
Proxy:			<none>
Request params:	<none>
Query params:	<none>
Form params:	<none>
Path params:	<none>
Headers:		Accept=*/*
				Content-Type=application/json; charset=UTF-8
Cookies:		<none>
Multiparts:		<none>
Body:
{
    "deviceId": "web",
    "gameId": "sw_gk",
    "request": "init",
    "startGameToken": {
        "brandId": 1,
        "currency": "USD"
    }
}
Spin{description='Theme1x5', combinations='4,24,6,7,20', totalWin=5000}
eyJhbGciOiJIUzUxMiIsInR5cCI6IkpXVCJ9.eyJzZXNzaW9uSWQiOjY1OTA4OSwiaWQiOiJnYW1lczpjb250ZXh0OjE6dW5kZWZpbmVkOnN3X2drOndlYiIsImdhbWVNb2RlIjoiZnVuIiwiaWF0IjoxNTExMTk3ODI4LCJpc3MiOiJza3l3aW5kZ3JvdXAifQ.Q64wHejtHRYuRmI8x7-L2QtNi_FmfZSH7u1zPAjhuxwJrVBJN1tIVdc0QYIdAB_p_qAafEPhmpTLbrKwAzpXMA
Request method:	POST
Request URI:	http://api.cd2.d.skywind-tech.com:4001/casino/game2
Proxy:			<none>
Request params:	<none>
Query params:	<none>
Form params:	<none>
Path params:	<none>
Headers:		Accept=*/*
				Content-Type=application/json; charset=UTF-8
Cookies:		<none>
Multiparts:		<none>
Body:
{
    "bet": 1,
    "coin": 1,
    "gameSession": "eyJhbGciOiJIUzUxMiIsInR5cCI6IkpXVCJ9.eyJzZXNzaW9uSWQiOjY1OTA4OSwiaWQiOiJnYW1lczpjb250ZXh0OjE6dW5kZWZpbmVkOnN3X2drOndlYiIsImdhbWVNb2RlIjoiZnVuIiwiaWF0IjoxNTExMTk3ODI4LCJpc3MiOiJza3l3aW5kZ3JvdXAifQ.Q64wHejtHRYuRmI8x7-L2QtNi_FmfZSH7u1zPAjhuxwJrVBJN1tIVdc0QYIdAB_p_qAafEPhmpTLbrKwAzpXMA",
    "lines": 1,
    "request": "spin",
    "positions": [
        4,
        24,
        6,
        7,
        20
    ],
    "requestId": 1
}
HTTP/1.1 200 OK
X-Powered-By: Express
Vary: X-HTTP-Method-Override, Accept-Encoding
Access-Control-Allow-Credentials: true
Access-Control-Allow-Origin: *
Access-Control-Expose-Headers: x-paging-total,x-paging-limit,x-paging-offset
Access-Control-Allow-Methods: GET, POST, OPTIONS
Access-Control-Allow-Headers: DNT,X-ACCESS-TOKEN,Keep-Alive,User-Agent,X-Requested-With,If-Modified-Since,Cache-Control,Content-Type,Check-Sum,Cookie
Access-Control-Max-Age: 1728000
Content-Type: application/json; charset=utf-8
Content-Length: 904
ETag: W/"388-WcCCRi4k0axCuxbpJ0pFUxb/jZs"
Date: Mon, 20 Nov 2017 17:10:29 GMT
Connection: keep-alive

{
    "gameSession": "eyJhbGciOiJIUzUxMiIsInR5cCI6IkpXVCJ9.eyJzZXNzaW9uSWQiOjY1OTA4OSwiaWQiOiJnYW1lczpjb250ZXh0OjE6dW5kZWZpbmVkOnN3X2drOndlYiIsImdhbWVNb2RlIjoiZnVuIiwiaWF0IjoxNTExMTk3ODI4LCJpc3MiOiJza3l3aW5kZ3JvdXAifQ.Q64wHejtHRYuRmI8x7-L2QtNi_FmfZSH7u1zPAjhuxwJrVBJN1tIVdc0QYIdAB_p_qAafEPhmpTLbrKwAzpXMA",
    "balance": {
        "currency": "USD",
        "amount": 24024,
        "real": {
            "amount": 24024
        },
        "bonus": {
            "amount": 0
        }
    },
    "result": {
        "request": "spin",
        "stake": {
            "lines": 1,
            "bet": 1,
            "coin": 1
        },
        "totalBet": 0,
        "totalWin": 0,
        "scene": "freeSpins",
        "multiplier": 5,
        "state": {
            "currentScene": "freeSpins",
            "multiplier": 5,
            "collapsingWin": 394,
            "collapsingCount": 0,
            "isReSpin": false,
            "freeSpinsWin": 394,
            "freeSpinsCount": 14,
            "initialFreeSpinWin": 0,
            "initialFreeSpinsCount": 15,
            "totalFreeSpinsCount": 15
        },
        "reels": {
            "set": "freeSpins",
            "positions": [
                17,
                14,
                6,
                16,
                0
            ],
            "view": [
                [
                    8,
                    4,
                    10,
                    10,
                    9
                ],
                [
                    9,
                    3,
                    0,
                    3,
                    7
                ],
                [
                    1,
                    10,
                    10,
                    8,
                    8
                ]
            ]
        },
        "rewards": [
            
        ],
        "events": [
            
        ],
        "roundEnded": false,
        "version": "0.2.2"
    }
}
]]></system-out>
  </testcase>
  <testcase name="testSpin" classname="com.skywind.qa.test.SpinTest" time="0.252">
    <failure message="1 expectation failed.&#10;JSON path result.totalWin doesn&apos;t match.&#10;Expected: &lt;0&gt;&#10;  Actual: 100&#10;" type="java.lang.AssertionError"><![CDATA[java.lang.AssertionError: 1 expectation failed.
JSON path result.totalWin doesn't match.
Expected: <0>
  Actual: 100

	at sun.reflect.NativeConstructorAccessorImpl.newInstance0(Native Method)
	at sun.reflect.NativeConstructorAccessorImpl.newInstance(NativeConstructorAccessorImpl.java:62)
	at sun.reflect.DelegatingConstructorAccessorImpl.newInstance(DelegatingConstructorAccessorImpl.java:45)
	at java.lang.reflect.Constructor.newInstance(Constructor.java:422)
	at org.codehaus.groovy.reflection.CachedConstructor.invoke(CachedConstructor.java:83)
	at org.codehaus.groovy.reflection.CachedConstructor.doConstructorInvoke(CachedConstructor.java:77)
	at org.codehaus.groovy.runtime.callsite.ConstructorSite$ConstructorSiteNoUnwrap.callConstructor(ConstructorSite.java:84)
	at org.codehaus.groovy.runtime.callsite.AbstractCallSite.callConstructor(AbstractCallSite.java:247)
	at io.restassured.internal.ResponseSpecificationImpl$HamcrestAssertionClosure.validate(ResponseSpecificationImpl.groovy:471)
	at io.restassured.internal.ResponseSpecificationImpl$HamcrestAssertionClosure$validate$1.call(Unknown Source)
	at io.restassured.internal.ResponseSpecificationImpl.validateResponseIfRequired(ResponseSpecificationImpl.groovy:643)
	at sun.reflect.NativeMethodAccessorImpl.invoke0(Native Method)
	at sun.reflect.NativeMethodAccessorImpl.invoke(NativeMethodAccessorImpl.java:62)
	at sun.reflect.DelegatingMethodAccessorImpl.invoke(DelegatingMethodAccessorImpl.java:43)
	at java.lang.reflect.Method.invoke(Method.java:497)
	at org.codehaus.groovy.runtime.callsite.PogoMetaMethodSite$PogoCachedMethodSiteNoUnwrapNoCoerce.invoke(PogoMetaMethodSite.java:210)
	at org.codehaus.groovy.runtime.callsite.PogoMetaMethodSite.callCurrent(PogoMetaMethodSite.java:59)
	at org.codehaus.groovy.runtime.callsite.AbstractCallSite.callCurrent(AbstractCallSite.java:166)
	at io.restassured.internal.ResponseSpecificationImpl.content(ResponseSpecificationImpl.groovy:265)
	at io.restassured.specification.ResponseSpecification$content$1.callCurrent(Unknown Source)
	at io.restassured.internal.ResponseSpecificationImpl.body(ResponseSpecificationImpl.groovy:248)
	at io.restassured.internal.ValidatableResponseOptionsImpl.body(ValidatableResponseOptionsImpl.java:268)
	at com.skywind.qa.test.SpinTest.testSpin(SpinTest.java:82)
]]></failure>
    <system-out><![CDATA[Spin{description='SecondTheme1x5', combinations='3,23,5,6,19', totalWin=0}
eyJhbGciOiJIUzUxMiIsInR5cCI6IkpXVCJ9.eyJzZXNzaW9uSWQiOjY1OTA4OSwiaWQiOiJnYW1lczpjb250ZXh0OjE6dW5kZWZpbmVkOnN3X2drOndlYiIsImdhbWVNb2RlIjoiZnVuIiwiaWF0IjoxNTExMTk3ODI4LCJpc3MiOiJza3l3aW5kZ3JvdXAifQ.Q64wHejtHRYuRmI8x7-L2QtNi_FmfZSH7u1zPAjhuxwJrVBJN1tIVdc0QYIdAB_p_qAafEPhmpTLbrKwAzpXMA
Request method:	POST
Request URI:	http://api.cd2.d.skywind-tech.com:4001/casino/game2
Proxy:			<none>
Request params:	<none>
Query params:	<none>
Form params:	<none>
Path params:	<none>
Headers:		Accept=*/*
				Content-Type=application/json; charset=UTF-8
Cookies:		<none>
Multiparts:		<none>
Body:
{
    "bet": 1,
    "coin": 1,
    "gameSession": "eyJhbGciOiJIUzUxMiIsInR5cCI6IkpXVCJ9.eyJzZXNzaW9uSWQiOjY1OTA4OSwiaWQiOiJnYW1lczpjb250ZXh0OjE6dW5kZWZpbmVkOnN3X2drOndlYiIsImdhbWVNb2RlIjoiZnVuIiwiaWF0IjoxNTExMTk3ODI4LCJpc3MiOiJza3l3aW5kZ3JvdXAifQ.Q64wHejtHRYuRmI8x7-L2QtNi_FmfZSH7u1zPAjhuxwJrVBJN1tIVdc0QYIdAB_p_qAafEPhmpTLbrKwAzpXMA",
    "lines": 1,
    "request": "spin",
    "positions": [
        3,
        23,
        5,
        6,
        19
    ],
    "requestId": 2
}
HTTP/1.1 200 OK
X-Powered-By: Express
Vary: X-HTTP-Method-Override, Accept-Encoding
Access-Control-Allow-Credentials: true
Access-Control-Allow-Origin: *
Access-Control-Expose-Headers: x-paging-total,x-paging-limit,x-paging-offset
Access-Control-Allow-Methods: GET, POST, OPTIONS
Access-Control-Allow-Headers: DNT,X-ACCESS-TOKEN,Keep-Alive,User-Agent,X-Requested-With,If-Modified-Since,Cache-Control,Content-Type,Check-Sum,Cookie
Access-Control-Max-Age: 1728000
Content-Type: application/json; charset=utf-8
Content-Length: 979
ETag: W/"3d3-9Trp44LWSM+usihvmdfzahWCPlE"
Date: Mon, 20 Nov 2017 17:10:29 GMT
Connection: keep-alive

{
    "gameSession": "eyJhbGciOiJIUzUxMiIsInR5cCI6IkpXVCJ9.eyJzZXNzaW9uSWQiOjY1OTA4OSwiaWQiOiJnYW1lczpjb250ZXh0OjE6dW5kZWZpbmVkOnN3X2drOndlYiIsImdhbWVNb2RlIjoiZnVuIiwiaWF0IjoxNTExMTk3ODI4LCJpc3MiOiJza3l3aW5kZ3JvdXAifQ.Q64wHejtHRYuRmI8x7-L2QtNi_FmfZSH7u1zPAjhuxwJrVBJN1tIVdc0QYIdAB_p_qAafEPhmpTLbrKwAzpXMA",
    "balance": {
        "currency": "USD",
        "amount": 24124,
        "real": {
            "amount": 24124
        },
        "bonus": {
            "amount": 0
        }
    },
    "result": {
        "request": "spin",
        "stake": {
            "lines": 1,
            "bet": 1,
            "coin": 1
        },
        "totalBet": 0,
        "totalWin": 100,
        "scene": "freeSpins",
        "multiplier": 1,
        "state": {
            "currentScene": "freeSpins",
            "multiplier": 1,
            "collapsingWin": 100,
            "collapsingCount": 1,
            "isReSpin": true,
            "freeSpinsWin": 494,
            "freeSpinsCount": 14,
            "initialFreeSpinWin": 0,
            "initialFreeSpinsCount": 15,
            "totalFreeSpinsCount": 15
        },
        "reels": {
            "set": "freeSpins",
            "positions": [
                3,
                23,
                5,
                6,
                19
            ],
            "view": [
                [
                    2,
                    3,
                    3,
                    6,
                    8
                ],
                [
                    7,
                    8,
                    10,
                    4,
                    6
                ],
                [
                    1,
                    1,
                    0,
                    10,
                    1
                ]
            ]
        },
        "rewards": [
            {
                "reward": "line",
                "lineId": 2,
                "payout": 100,
                "paytable": [
                    0,
                    2
                ],
                "lineMultiplier": 1
            }
        ],
        "events": [
            
        ],
        "roundEnded": false,
        "version": "0.2.2"
    }
}
]]></system-out>
  </testcase>
  <testcase name="testSpin" classname="com.skywind.qa.test.SpinTest" time="0.125">
    <failure message="1 expectation failed.&#10;JSON path result.totalWin doesn&apos;t match.&#10;Expected: &lt;250&gt;&#10;  Actual: 0&#10;" type="java.lang.AssertionError"><![CDATA[java.lang.AssertionError: 1 expectation failed.
JSON path result.totalWin doesn't match.
Expected: <250>
  Actual: 0

	at sun.reflect.NativeConstructorAccessorImpl.newInstance0(Native Method)
	at sun.reflect.NativeConstructorAccessorImpl.newInstance(NativeConstructorAccessorImpl.java:62)
	at sun.reflect.DelegatingConstructorAccessorImpl.newInstance(DelegatingConstructorAccessorImpl.java:45)
	at java.lang.reflect.Constructor.newInstance(Constructor.java:422)
	at org.codehaus.groovy.reflection.CachedConstructor.invoke(CachedConstructor.java:83)
	at org.codehaus.groovy.reflection.CachedConstructor.doConstructorInvoke(CachedConstructor.java:77)
	at org.codehaus.groovy.runtime.callsite.ConstructorSite$ConstructorSiteNoUnwrap.callConstructor(ConstructorSite.java:84)
	at org.codehaus.groovy.runtime.callsite.AbstractCallSite.callConstructor(AbstractCallSite.java:247)
	at io.restassured.internal.ResponseSpecificationImpl$HamcrestAssertionClosure.validate(ResponseSpecificationImpl.groovy:471)
	at io.restassured.internal.ResponseSpecificationImpl$HamcrestAssertionClosure$validate$1.call(Unknown Source)
	at io.restassured.internal.ResponseSpecificationImpl.validateResponseIfRequired(ResponseSpecificationImpl.groovy:643)
	at sun.reflect.NativeMethodAccessorImpl.invoke0(Native Method)
	at sun.reflect.NativeMethodAccessorImpl.invoke(NativeMethodAccessorImpl.java:62)
	at sun.reflect.DelegatingMethodAccessorImpl.invoke(DelegatingMethodAccessorImpl.java:43)
	at java.lang.reflect.Method.invoke(Method.java:497)
	at org.codehaus.groovy.runtime.callsite.PogoMetaMethodSite$PogoCachedMethodSiteNoUnwrapNoCoerce.invoke(PogoMetaMethodSite.java:210)
	at org.codehaus.groovy.runtime.callsite.PogoMetaMethodSite.callCurrent(PogoMetaMethodSite.java:59)
	at org.codehaus.groovy.runtime.callsite.AbstractCallSite.callCurrent(AbstractCallSite.java:166)
	at io.restassured.internal.ResponseSpecificationImpl.content(ResponseSpecificationImpl.groovy:265)
	at io.restassured.specification.ResponseSpecification$content$1.callCurrent(Unknown Source)
	at io.restassured.internal.ResponseSpecificationImpl.body(ResponseSpecificationImpl.groovy:248)
	at io.restassured.internal.ValidatableResponseOptionsImpl.body(ValidatableResponseOptionsImpl.java:268)
	at com.skywind.qa.test.SpinTest.testSpin(SpinTest.java:82)
]]></failure>
    <system-out><![CDATA[Spin{description='Theme1x4', combinations='20,24,6,7,7', totalWin=250}
eyJhbGciOiJIUzUxMiIsInR5cCI6IkpXVCJ9.eyJzZXNzaW9uSWQiOjY1OTA4OSwiaWQiOiJnYW1lczpjb250ZXh0OjE6dW5kZWZpbmVkOnN3X2drOndlYiIsImdhbWVNb2RlIjoiZnVuIiwiaWF0IjoxNTExMTk3ODI4LCJpc3MiOiJza3l3aW5kZ3JvdXAifQ.Q64wHejtHRYuRmI8x7-L2QtNi_FmfZSH7u1zPAjhuxwJrVBJN1tIVdc0QYIdAB_p_qAafEPhmpTLbrKwAzpXMA
Request method:	POST
Request URI:	http://api.cd2.d.skywind-tech.com:4001/casino/game2
Proxy:			<none>
Request params:	<none>
Query params:	<none>
Form params:	<none>
Path params:	<none>
Headers:		Accept=*/*
				Content-Type=application/json; charset=UTF-8
Cookies:		<none>
Multiparts:		<none>
Body:
{
    "bet": 1,
    "coin": 1,
    "gameSession": "eyJhbGciOiJIUzUxMiIsInR5cCI6IkpXVCJ9.eyJzZXNzaW9uSWQiOjY1OTA4OSwiaWQiOiJnYW1lczpjb250ZXh0OjE6dW5kZWZpbmVkOnN3X2drOndlYiIsImdhbWVNb2RlIjoiZnVuIiwiaWF0IjoxNTExMTk3ODI4LCJpc3MiOiJza3l3aW5kZ3JvdXAifQ.Q64wHejtHRYuRmI8x7-L2QtNi_FmfZSH7u1zPAjhuxwJrVBJN1tIVdc0QYIdAB_p_qAafEPhmpTLbrKwAzpXMA",
    "lines": 1,
    "request": "spin",
    "positions": [
        20,
        24,
        6,
        7,
        7
    ],
    "requestId": 3
}
HTTP/1.1 200 OK
X-Powered-By: Express
Vary: X-HTTP-Method-Override, Accept-Encoding
Access-Control-Allow-Credentials: true
Access-Control-Allow-Origin: *
Access-Control-Expose-Headers: x-paging-total,x-paging-limit,x-paging-offset
Access-Control-Allow-Methods: GET, POST, OPTIONS
Access-Control-Allow-Headers: DNT,X-ACCESS-TOKEN,Keep-Alive,User-Agent,X-Requested-With,If-Modified-Since,Cache-Control,Content-Type,Check-Sum,Cookie
Access-Control-Max-Age: 1728000
Content-Type: application/json; charset=utf-8
Content-Length: 901
ETag: W/"385-+5pu7Z+DaPLH16eHIQg4kqHXyQU"
Date: Mon, 20 Nov 2017 17:10:30 GMT
Connection: keep-alive

{
    "gameSession": "eyJhbGciOiJIUzUxMiIsInR5cCI6IkpXVCJ9.eyJzZXNzaW9uSWQiOjY1OTA4OSwiaWQiOiJnYW1lczpjb250ZXh0OjE6dW5kZWZpbmVkOnN3X2drOndlYiIsImdhbWVNb2RlIjoiZnVuIiwiaWF0IjoxNTExMTk3ODI4LCJpc3MiOiJza3l3aW5kZ3JvdXAifQ.Q64wHejtHRYuRmI8x7-L2QtNi_FmfZSH7u1zPAjhuxwJrVBJN1tIVdc0QYIdAB_p_qAafEPhmpTLbrKwAzpXMA",
    "balance": {
        "currency": "USD",
        "amount": 24124,
        "real": {
            "amount": 24124
        },
        "bonus": {
            "amount": 0
        }
    },
    "result": {
        "request": "spin",
        "stake": {
            "lines": 1,
            "bet": 1,
            "coin": 1
        },
        "totalBet": 0,
        "totalWin": 0,
        "scene": "freeSpins",
        "multiplier": 2,
        "state": {
            "currentScene": "freeSpins",
            "multiplier": 2,
            "collapsingWin": 100,
            "collapsingCount": 0,
            "isReSpin": false,
            "freeSpinsWin": 494,
            "freeSpinsCount": 13,
            "initialFreeSpinWin": 0,
            "initialFreeSpinsCount": 15,
            "totalFreeSpinsCount": 15
        },
        "reels": {
            "set": "freeSpins",
            "positions": [
                2,
                22,
                4,
                6,
                19
            ],
            "view": [
                [
                    8,
                    7,
                    6,
                    6,
                    8
                ],
                [
                    2,
                    3,
                    3,
                    4,
                    6
                ],
                [
                    7,
                    8,
                    10,
                    10,
                    1
                ]
            ]
        },
        "rewards": [
            
        ],
        "events": [
            
        ],
        "roundEnded": false,
        "version": "0.2.2"
    }
}
]]></system-out>
  </testcase>
  <testcase name="testSpin" classname="com.skywind.qa.test.SpinTest" time="0.187">
    <failure message="1 expectation failed.&#10;JSON path result.totalWin doesn&apos;t match.&#10;Expected: &lt;0&gt;&#10;  Actual: 100&#10;" type="java.lang.AssertionError"><![CDATA[java.lang.AssertionError: 1 expectation failed.
JSON path result.totalWin doesn't match.
Expected: <0>
  Actual: 100

	at sun.reflect.NativeConstructorAccessorImpl.newInstance0(Native Method)
	at sun.reflect.NativeConstructorAccessorImpl.newInstance(NativeConstructorAccessorImpl.java:62)
	at sun.reflect.DelegatingConstructorAccessorImpl.newInstance(DelegatingConstructorAccessorImpl.java:45)
	at java.lang.reflect.Constructor.newInstance(Constructor.java:422)
	at org.codehaus.groovy.reflection.CachedConstructor.invoke(CachedConstructor.java:83)
	at org.codehaus.groovy.reflection.CachedConstructor.doConstructorInvoke(CachedConstructor.java:77)
	at org.codehaus.groovy.runtime.callsite.ConstructorSite$ConstructorSiteNoUnwrap.callConstructor(ConstructorSite.java:84)
	at org.codehaus.groovy.runtime.callsite.AbstractCallSite.callConstructor(AbstractCallSite.java:247)
	at io.restassured.internal.ResponseSpecificationImpl$HamcrestAssertionClosure.validate(ResponseSpecificationImpl.groovy:471)
	at io.restassured.internal.ResponseSpecificationImpl$HamcrestAssertionClosure$validate$1.call(Unknown Source)
	at io.restassured.internal.ResponseSpecificationImpl.validateResponseIfRequired(ResponseSpecificationImpl.groovy:643)
	at sun.reflect.NativeMethodAccessorImpl.invoke0(Native Method)
	at sun.reflect.NativeMethodAccessorImpl.invoke(NativeMethodAccessorImpl.java:62)
	at sun.reflect.DelegatingMethodAccessorImpl.invoke(DelegatingMethodAccessorImpl.java:43)
	at java.lang.reflect.Method.invoke(Method.java:497)
	at org.codehaus.groovy.runtime.callsite.PogoMetaMethodSite$PogoCachedMethodSiteNoUnwrapNoCoerce.invoke(PogoMetaMethodSite.java:210)
	at org.codehaus.groovy.runtime.callsite.PogoMetaMethodSite.callCurrent(PogoMetaMethodSite.java:59)
	at org.codehaus.groovy.runtime.callsite.AbstractCallSite.callCurrent(AbstractCallSite.java:166)
	at io.restassured.internal.ResponseSpecificationImpl.content(ResponseSpecificationImpl.groovy:265)
	at io.restassured.specification.ResponseSpecification$content$1.callCurrent(Unknown Source)
	at io.restassured.internal.ResponseSpecificationImpl.body(ResponseSpecificationImpl.groovy:248)
	at io.restassured.internal.ValidatableResponseOptionsImpl.body(ValidatableResponseOptionsImpl.java:268)
	at com.skywind.qa.test.SpinTest.testSpin(SpinTest.java:82)
]]></failure>
    <system-out><![CDATA[Spin{description='SecondTheme1x4', combinations='19,23,5,6,7', totalWin=0}
eyJhbGciOiJIUzUxMiIsInR5cCI6IkpXVCJ9.eyJzZXNzaW9uSWQiOjY1OTA4OSwiaWQiOiJnYW1lczpjb250ZXh0OjE6dW5kZWZpbmVkOnN3X2drOndlYiIsImdhbWVNb2RlIjoiZnVuIiwiaWF0IjoxNTExMTk3ODI4LCJpc3MiOiJza3l3aW5kZ3JvdXAifQ.Q64wHejtHRYuRmI8x7-L2QtNi_FmfZSH7u1zPAjhuxwJrVBJN1tIVdc0QYIdAB_p_qAafEPhmpTLbrKwAzpXMA
Request method:	POST
Request URI:	http://api.cd2.d.skywind-tech.com:4001/casino/game2
Proxy:			<none>
Request params:	<none>
Query params:	<none>
Form params:	<none>
Path params:	<none>
Headers:		Accept=*/*
				Content-Type=application/json; charset=UTF-8
Cookies:		<none>
Multiparts:		<none>
Body:
{
    "bet": 1,
    "coin": 1,
    "gameSession": "eyJhbGciOiJIUzUxMiIsInR5cCI6IkpXVCJ9.eyJzZXNzaW9uSWQiOjY1OTA4OSwiaWQiOiJnYW1lczpjb250ZXh0OjE6dW5kZWZpbmVkOnN3X2drOndlYiIsImdhbWVNb2RlIjoiZnVuIiwiaWF0IjoxNTExMTk3ODI4LCJpc3MiOiJza3l3aW5kZ3JvdXAifQ.Q64wHejtHRYuRmI8x7-L2QtNi_FmfZSH7u1zPAjhuxwJrVBJN1tIVdc0QYIdAB_p_qAafEPhmpTLbrKwAzpXMA",
    "lines": 1,
    "request": "spin",
    "positions": [
        19,
        23,
        5,
        6,
        7
    ],
    "requestId": 4
}
HTTP/1.1 200 OK
X-Powered-By: Express
Vary: X-HTTP-Method-Override, Accept-Encoding
Access-Control-Allow-Credentials: true
Access-Control-Allow-Origin: *
Access-Control-Expose-Headers: x-paging-total,x-paging-limit,x-paging-offset
Access-Control-Allow-Methods: GET, POST, OPTIONS
Access-Control-Allow-Headers: DNT,X-ACCESS-TOKEN,Keep-Alive,User-Agent,X-Requested-With,If-Modified-Since,Cache-Control,Content-Type,Check-Sum,Cookie
Access-Control-Max-Age: 1728000
Content-Type: application/json; charset=utf-8
Content-Length: 981
ETag: W/"3d5-8N67DGfxkECMwAblm5ATh30q2eo"
Date: Mon, 20 Nov 2017 17:10:30 GMT
Connection: keep-alive

{
    "gameSession": "eyJhbGciOiJIUzUxMiIsInR5cCI6IkpXVCJ9.eyJzZXNzaW9uSWQiOjY1OTA4OSwiaWQiOiJnYW1lczpjb250ZXh0OjE6dW5kZWZpbmVkOnN3X2drOndlYiIsImdhbWVNb2RlIjoiZnVuIiwiaWF0IjoxNTExMTk3ODI4LCJpc3MiOiJza3l3aW5kZ3JvdXAifQ.Q64wHejtHRYuRmI8x7-L2QtNi_FmfZSH7u1zPAjhuxwJrVBJN1tIVdc0QYIdAB_p_qAafEPhmpTLbrKwAzpXMA",
    "balance": {
        "currency": "USD",
        "amount": 24224,
        "real": {
            "amount": 24224
        },
        "bonus": {
            "amount": 0
        }
    },
    "result": {
        "request": "spin",
        "stake": {
            "lines": 1,
            "bet": 1,
            "coin": 1
        },
        "totalBet": 0,
        "totalWin": 100,
        "scene": "freeSpins",
        "multiplier": 1,
        "state": {
            "currentScene": "freeSpins",
            "multiplier": 1,
            "collapsingWin": 100,
            "collapsingCount": 1,
            "isReSpin": true,
            "freeSpinsWin": 594,
            "freeSpinsCount": 13,
            "initialFreeSpinWin": 0,
            "initialFreeSpinsCount": 15,
            "totalFreeSpinsCount": 15
        },
        "reels": {
            "set": "freeSpins",
            "positions": [
                19,
                23,
                5,
                6,
                7
            ],
            "view": [
                [
                    11,
                    3,
                    3,
                    6,
                    11
                ],
                [
                    2,
                    8,
                    10,
                    4,
                    2
                ],
                [
                    1,
                    1,
                    0,
                    10,
                    3
                ]
            ]
        },
        "rewards": [
            {
                "reward": "line",
                "lineId": 2,
                "payout": 100,
                "paytable": [
                    0,
                    2
                ],
                "lineMultiplier": 1
            }
        ],
        "events": [
            
        ],
        "roundEnded": false,
        "version": "0.2.2"
    }
}
]]></system-out>
  </testcase>
  <testcase name="testSpin" classname="com.skywind.qa.test.SpinTest" time="0.133">
    <failure message="1 expectation failed.&#10;JSON path result.totalWin doesn&apos;t match.&#10;Expected: &lt;100&gt;&#10;  Actual: 0&#10;" type="java.lang.AssertionError"><![CDATA[java.lang.AssertionError: 1 expectation failed.
JSON path result.totalWin doesn't match.
Expected: <100>
  Actual: 0

	at sun.reflect.NativeConstructorAccessorImpl.newInstance0(Native Method)
	at sun.reflect.NativeConstructorAccessorImpl.newInstance(NativeConstructorAccessorImpl.java:62)
	at sun.reflect.DelegatingConstructorAccessorImpl.newInstance(DelegatingConstructorAccessorImpl.java:45)
	at java.lang.reflect.Constructor.newInstance(Constructor.java:422)
	at org.codehaus.groovy.reflection.CachedConstructor.invoke(CachedConstructor.java:83)
	at org.codehaus.groovy.reflection.CachedConstructor.doConstructorInvoke(CachedConstructor.java:77)
	at org.codehaus.groovy.runtime.callsite.ConstructorSite$ConstructorSiteNoUnwrap.callConstructor(ConstructorSite.java:84)
	at org.codehaus.groovy.runtime.callsite.AbstractCallSite.callConstructor(AbstractCallSite.java:247)
	at io.restassured.internal.ResponseSpecificationImpl$HamcrestAssertionClosure.validate(ResponseSpecificationImpl.groovy:471)
	at io.restassured.internal.ResponseSpecificationImpl$HamcrestAssertionClosure$validate$1.call(Unknown Source)
	at io.restassured.internal.ResponseSpecificationImpl.validateResponseIfRequired(ResponseSpecificationImpl.groovy:643)
	at sun.reflect.NativeMethodAccessorImpl.invoke0(Native Method)
	at sun.reflect.NativeMethodAccessorImpl.invoke(NativeMethodAccessorImpl.java:62)
	at sun.reflect.DelegatingMethodAccessorImpl.invoke(DelegatingMethodAccessorImpl.java:43)
	at java.lang.reflect.Method.invoke(Method.java:497)
	at org.codehaus.groovy.runtime.callsite.PogoMetaMethodSite$PogoCachedMethodSiteNoUnwrapNoCoerce.invoke(PogoMetaMethodSite.java:210)
	at org.codehaus.groovy.runtime.callsite.PogoMetaMethodSite.callCurrent(PogoMetaMethodSite.java:59)
	at org.codehaus.groovy.runtime.callsite.AbstractCallSite.callCurrent(AbstractCallSite.java:166)
	at io.restassured.internal.ResponseSpecificationImpl.content(ResponseSpecificationImpl.groovy:265)
	at io.restassured.specification.ResponseSpecification$content$1.callCurrent(Unknown Source)
	at io.restassured.internal.ResponseSpecificationImpl.body(ResponseSpecificationImpl.groovy:248)
	at io.restassured.internal.ValidatableResponseOptionsImpl.body(ValidatableResponseOptionsImpl.java:268)
	at com.skywind.qa.test.SpinTest.testSpin(SpinTest.java:82)
]]></failure>
    <system-out><![CDATA[Spin{description='Theme1x3', combinations='19,23,6,5,15', totalWin=100}
eyJhbGciOiJIUzUxMiIsInR5cCI6IkpXVCJ9.eyJzZXNzaW9uSWQiOjY1OTA4OSwiaWQiOiJnYW1lczpjb250ZXh0OjE6dW5kZWZpbmVkOnN3X2drOndlYiIsImdhbWVNb2RlIjoiZnVuIiwiaWF0IjoxNTExMTk3ODI4LCJpc3MiOiJza3l3aW5kZ3JvdXAifQ.Q64wHejtHRYuRmI8x7-L2QtNi_FmfZSH7u1zPAjhuxwJrVBJN1tIVdc0QYIdAB_p_qAafEPhmpTLbrKwAzpXMA
Request method:	POST
Request URI:	http://api.cd2.d.skywind-tech.com:4001/casino/game2
Proxy:			<none>
Request params:	<none>
Query params:	<none>
Form params:	<none>
Path params:	<none>
Headers:		Accept=*/*
				Content-Type=application/json; charset=UTF-8
Cookies:		<none>
Multiparts:		<none>
Body:
{
    "bet": 1,
    "coin": 1,
    "gameSession": "eyJhbGciOiJIUzUxMiIsInR5cCI6IkpXVCJ9.eyJzZXNzaW9uSWQiOjY1OTA4OSwiaWQiOiJnYW1lczpjb250ZXh0OjE6dW5kZWZpbmVkOnN3X2drOndlYiIsImdhbWVNb2RlIjoiZnVuIiwiaWF0IjoxNTExMTk3ODI4LCJpc3MiOiJza3l3aW5kZ3JvdXAifQ.Q64wHejtHRYuRmI8x7-L2QtNi_FmfZSH7u1zPAjhuxwJrVBJN1tIVdc0QYIdAB_p_qAafEPhmpTLbrKwAzpXMA",
    "lines": 1,
    "request": "spin",
    "positions": [
        19,
        23,
        6,
        5,
        15
    ],
    "requestId": 5
}
HTTP/1.1 200 OK
X-Powered-By: Express
Vary: X-HTTP-Method-Override, Accept-Encoding
Access-Control-Allow-Credentials: true
Access-Control-Allow-Origin: *
Access-Control-Expose-Headers: x-paging-total,x-paging-limit,x-paging-offset
Access-Control-Allow-Methods: GET, POST, OPTIONS
Access-Control-Allow-Headers: DNT,X-ACCESS-TOKEN,Keep-Alive,User-Agent,X-Requested-With,If-Modified-Since,Cache-Control,Content-Type,Check-Sum,Cookie
Access-Control-Max-Age: 1728000
Content-Type: application/json; charset=utf-8
Content-Length: 903
ETag: W/"387-VqSWYQjNnp8m6YPolJ8OBXAxabg"
Date: Mon, 20 Nov 2017 17:10:30 GMT
Connection: keep-alive

{
    "gameSession": "eyJhbGciOiJIUzUxMiIsInR5cCI6IkpXVCJ9.eyJzZXNzaW9uSWQiOjY1OTA4OSwiaWQiOiJnYW1lczpjb250ZXh0OjE6dW5kZWZpbmVkOnN3X2drOndlYiIsImdhbWVNb2RlIjoiZnVuIiwiaWF0IjoxNTExMTk3ODI4LCJpc3MiOiJza3l3aW5kZ3JvdXAifQ.Q64wHejtHRYuRmI8x7-L2QtNi_FmfZSH7u1zPAjhuxwJrVBJN1tIVdc0QYIdAB_p_qAafEPhmpTLbrKwAzpXMA",
    "balance": {
        "currency": "USD",
        "amount": 24224,
        "real": {
            "amount": 24224
        },
        "bonus": {
            "amount": 0
        }
    },
    "result": {
        "request": "spin",
        "stake": {
            "lines": 1,
            "bet": 1,
            "coin": 1
        },
        "totalBet": 0,
        "totalWin": 0,
        "scene": "freeSpins",
        "multiplier": 2,
        "state": {
            "currentScene": "freeSpins",
            "multiplier": 2,
            "collapsingWin": 100,
            "collapsingCount": 0,
            "isReSpin": false,
            "freeSpinsWin": 594,
            "freeSpinsCount": 12,
            "initialFreeSpinWin": 0,
            "initialFreeSpinsCount": 15,
            "totalFreeSpinsCount": 15
        },
        "reels": {
            "set": "freeSpins",
            "positions": [
                18,
                22,
                4,
                6,
                7
            ],
            "view": [
                [
                    9,
                    7,
                    6,
                    6,
                    11
                ],
                [
                    11,
                    3,
                    3,
                    4,
                    2
                ],
                [
                    2,
                    8,
                    10,
                    10,
                    3
                ]
            ]
        },
        "rewards": [
            
        ],
        "events": [
            
        ],
        "roundEnded": false,
        "version": "0.2.2"
    }
}
]]></system-out>
  </testcase>
  <testcase name="testSpin" classname="com.skywind.qa.test.SpinTest" time="0.196"/>
  <testcase name="testSpin" classname="com.skywind.qa.test.SpinTest" time="0.156">
    <failure message="1 expectation failed.&#10;JSON path result.totalWin doesn&apos;t match.&#10;Expected: &lt;300&gt;&#10;  Actual: 75&#10;" type="java.lang.AssertionError"><![CDATA[java.lang.AssertionError: 1 expectation failed.
JSON path result.totalWin doesn't match.
Expected: <300>
  Actual: 75

	at sun.reflect.NativeConstructorAccessorImpl.newInstance0(Native Method)
	at sun.reflect.NativeConstructorAccessorImpl.newInstance(NativeConstructorAccessorImpl.java:62)
	at sun.reflect.DelegatingConstructorAccessorImpl.newInstance(DelegatingConstructorAccessorImpl.java:45)
	at java.lang.reflect.Constructor.newInstance(Constructor.java:422)
	at org.codehaus.groovy.reflection.CachedConstructor.invoke(CachedConstructor.java:83)
	at org.codehaus.groovy.reflection.CachedConstructor.doConstructorInvoke(CachedConstructor.java:77)
	at org.codehaus.groovy.runtime.callsite.ConstructorSite$ConstructorSiteNoUnwrap.callConstructor(ConstructorSite.java:84)
	at org.codehaus.groovy.runtime.callsite.AbstractCallSite.callConstructor(AbstractCallSite.java:247)
	at io.restassured.internal.ResponseSpecificationImpl$HamcrestAssertionClosure.validate(ResponseSpecificationImpl.groovy:471)
	at io.restassured.internal.ResponseSpecificationImpl$HamcrestAssertionClosure$validate$1.call(Unknown Source)
	at io.restassured.internal.ResponseSpecificationImpl.validateResponseIfRequired(ResponseSpecificationImpl.groovy:643)
	at sun.reflect.NativeMethodAccessorImpl.invoke0(Native Method)
	at sun.reflect.NativeMethodAccessorImpl.invoke(NativeMethodAccessorImpl.java:62)
	at sun.reflect.DelegatingMethodAccessorImpl.invoke(DelegatingMethodAccessorImpl.java:43)
	at java.lang.reflect.Method.invoke(Method.java:497)
	at org.codehaus.groovy.runtime.callsite.PogoMetaMethodSite$PogoCachedMethodSiteNoUnwrapNoCoerce.invoke(PogoMetaMethodSite.java:210)
	at org.codehaus.groovy.runtime.callsite.PogoMetaMethodSite.callCurrent(PogoMetaMethodSite.java:59)
	at org.codehaus.groovy.runtime.callsite.AbstractCallSite.callCurrent(AbstractCallSite.java:166)
	at io.restassured.internal.ResponseSpecificationImpl.content(ResponseSpecificationImpl.groovy:265)
	at io.restassured.specification.ResponseSpecification$content$1.callCurrent(Unknown Source)
	at io.restassured.internal.ResponseSpecificationImpl.body(ResponseSpecificationImpl.groovy:248)
	at io.restassured.internal.ValidatableResponseOptionsImpl.body(ValidatableResponseOptionsImpl.java:268)
	at com.skywind.qa.test.SpinTest.testSpin(SpinTest.java:82)
]]></failure>
    <system-out><![CDATA[Spin{description='Theme2x5', combinations='5,3,11,8,21', totalWin=300}
eyJhbGciOiJIUzUxMiIsInR5cCI6IkpXVCJ9.eyJzZXNzaW9uSWQiOjY1OTA4OSwiaWQiOiJnYW1lczpjb250ZXh0OjE6dW5kZWZpbmVkOnN3X2drOndlYiIsImdhbWVNb2RlIjoiZnVuIiwiaWF0IjoxNTExMTk3ODI4LCJpc3MiOiJza3l3aW5kZ3JvdXAifQ.Q64wHejtHRYuRmI8x7-L2QtNi_FmfZSH7u1zPAjhuxwJrVBJN1tIVdc0QYIdAB_p_qAafEPhmpTLbrKwAzpXMA
Request method:	POST
Request URI:	http://api.cd2.d.skywind-tech.com:4001/casino/game2
Proxy:			<none>
Request params:	<none>
Query params:	<none>
Form params:	<none>
Path params:	<none>
Headers:		Accept=*/*
				Content-Type=application/json; charset=UTF-8
Cookies:		<none>
Multiparts:		<none>
Body:
{
    "bet": 1,
    "coin": 1,
    "gameSession": "eyJhbGciOiJIUzUxMiIsInR5cCI6IkpXVCJ9.eyJzZXNzaW9uSWQiOjY1OTA4OSwiaWQiOiJnYW1lczpjb250ZXh0OjE6dW5kZWZpbmVkOnN3X2drOndlYiIsImdhbWVNb2RlIjoiZnVuIiwiaWF0IjoxNTExMTk3ODI4LCJpc3MiOiJza3l3aW5kZ3JvdXAifQ.Q64wHejtHRYuRmI8x7-L2QtNi_FmfZSH7u1zPAjhuxwJrVBJN1tIVdc0QYIdAB_p_qAafEPhmpTLbrKwAzpXMA",
    "lines": 1,
    "request": "spin",
    "positions": [
        5,
        3,
        11,
        8,
        21
    ],
    "requestId": 7
}
HTTP/1.1 200 OK
X-Powered-By: Express
Vary: X-HTTP-Method-Override, Accept-Encoding
Access-Control-Allow-Credentials: true
Access-Control-Allow-Origin: *
Access-Control-Expose-Headers: x-paging-total,x-paging-limit,x-paging-offset
Access-Control-Allow-Methods: GET, POST, OPTIONS
Access-Control-Allow-Headers: DNT,X-ACCESS-TOKEN,Keep-Alive,User-Agent,X-Requested-With,If-Modified-Since,Cache-Control,Content-Type,Check-Sum,Cookie
Access-Control-Max-Age: 1728000
Content-Type: application/json; charset=utf-8
Content-Length: 978
ETag: W/"3d2-BqrLNbQl4awcFARun5AVMgBTbUA"
Date: Mon, 20 Nov 2017 17:10:30 GMT
Connection: keep-alive

{
    "gameSession": "eyJhbGciOiJIUzUxMiIsInR5cCI6IkpXVCJ9.eyJzZXNzaW9uSWQiOjY1OTA4OSwiaWQiOiJnYW1lczpjb250ZXh0OjE6dW5kZWZpbmVkOnN3X2drOndlYiIsImdhbWVNb2RlIjoiZnVuIiwiaWF0IjoxNTExMTk3ODI4LCJpc3MiOiJza3l3aW5kZ3JvdXAifQ.Q64wHejtHRYuRmI8x7-L2QtNi_FmfZSH7u1zPAjhuxwJrVBJN1tIVdc0QYIdAB_p_qAafEPhmpTLbrKwAzpXMA",
    "balance": {
        "currency": "USD",
        "amount": 24299,
        "real": {
            "amount": 24299
        },
        "bonus": {
            "amount": 0
        }
    },
    "result": {
        "request": "spin",
        "stake": {
            "lines": 1,
            "bet": 1,
            "coin": 1
        },
        "totalBet": 0,
        "totalWin": 75,
        "scene": "freeSpins",
        "multiplier": 1,
        "state": {
            "currentScene": "freeSpins",
            "multiplier": 1,
            "collapsingWin": 75,
            "collapsingCount": 1,
            "isReSpin": true,
            "freeSpinsWin": 669,
            "freeSpinsCount": 11,
            "initialFreeSpinWin": 0,
            "initialFreeSpinsCount": 15,
            "totalFreeSpinsCount": 15
        },
        "reels": {
            "set": "freeSpins",
            "positions": [
                5,
                3,
                11,
                8,
                21
            ],
            "view": [
                [
                    1,
                    6,
                    10,
                    10,
                    1
                ],
                [
                    10,
                    8,
                    8,
                    1,
                    10
                ],
                [
                    2,
                    2,
                    2,
                    9,
                    2
                ]
            ]
        },
        "rewards": [
            {
                "reward": "line",
                "lineId": 2,
                "payout": 75,
                "paytable": [
                    1,
                    2
                ],
                "lineMultiplier": 1
            }
        ],
        "events": [
            
        ],
        "roundEnded": false,
        "version": "0.2.2"
    }
}
]]></system-out>
  </testcase>
  <testcase name="testSpin" classname="com.skywind.qa.test.SpinTest" time="0.133"/>
  <testcase name="testSpin" classname="com.skywind.qa.test.SpinTest" time="0.149"/>
  <testcase name="testSpin" classname="com.skywind.qa.test.SpinTest" time="0.228"/>
  <testcase name="testSpin" classname="com.skywind.qa.test.SpinTest" time="0.202"/>
  <testcase name="testSpin" classname="com.skywind.qa.test.SpinTest" time="0.14"/>
  <testcase name="testSpin" classname="com.skywind.qa.test.SpinTest" time="0.177">
    <failure message="1 expectation failed.&#10;JSON path result.totalWin doesn&apos;t match.&#10;Expected: &lt;200&gt;&#10;  Actual: 60&#10;" type="java.lang.AssertionError"><![CDATA[java.lang.AssertionError: 1 expectation failed.
JSON path result.totalWin doesn't match.
Expected: <200>
  Actual: 60

	at sun.reflect.NativeConstructorAccessorImpl.newInstance0(Native Method)
	at sun.reflect.NativeConstructorAccessorImpl.newInstance(NativeConstructorAccessorImpl.java:62)
	at sun.reflect.DelegatingConstructorAccessorImpl.newInstance(DelegatingConstructorAccessorImpl.java:45)
	at java.lang.reflect.Constructor.newInstance(Constructor.java:422)
	at org.codehaus.groovy.reflection.CachedConstructor.invoke(CachedConstructor.java:83)
	at org.codehaus.groovy.reflection.CachedConstructor.doConstructorInvoke(CachedConstructor.java:77)
	at org.codehaus.groovy.runtime.callsite.ConstructorSite$ConstructorSiteNoUnwrap.callConstructor(ConstructorSite.java:84)
	at org.codehaus.groovy.runtime.callsite.AbstractCallSite.callConstructor(AbstractCallSite.java:247)
	at io.restassured.internal.ResponseSpecificationImpl$HamcrestAssertionClosure.validate(ResponseSpecificationImpl.groovy:471)
	at io.restassured.internal.ResponseSpecificationImpl$HamcrestAssertionClosure$validate$1.call(Unknown Source)
	at io.restassured.internal.ResponseSpecificationImpl.validateResponseIfRequired(ResponseSpecificationImpl.groovy:643)
	at sun.reflect.GeneratedMethodAccessor75.invoke(Unknown Source)
	at sun.reflect.DelegatingMethodAccessorImpl.invoke(DelegatingMethodAccessorImpl.java:43)
	at java.lang.reflect.Method.invoke(Method.java:497)
	at org.codehaus.groovy.runtime.callsite.PogoMetaMethodSite$PogoCachedMethodSiteNoUnwrapNoCoerce.invoke(PogoMetaMethodSite.java:210)
	at org.codehaus.groovy.runtime.callsite.PogoMetaMethodSite.callCurrent(PogoMetaMethodSite.java:59)
	at org.codehaus.groovy.runtime.callsite.AbstractCallSite.callCurrent(AbstractCallSite.java:166)
	at io.restassured.internal.ResponseSpecificationImpl.content(ResponseSpecificationImpl.groovy:265)
	at io.restassured.specification.ResponseSpecification$content$1.callCurrent(Unknown Source)
	at io.restassured.internal.ResponseSpecificationImpl.body(ResponseSpecificationImpl.groovy:248)
	at io.restassured.internal.ValidatableResponseOptionsImpl.body(ValidatableResponseOptionsImpl.java:268)
	at com.skywind.qa.test.SpinTest.testSpin(SpinTest.java:82)
]]></failure>
    <system-out><![CDATA[Spin{description='Theme3x5', combinations='15,28,21,29,18', totalWin=200}
eyJhbGciOiJIUzUxMiIsInR5cCI6IkpXVCJ9.eyJzZXNzaW9uSWQiOjY1OTA4OSwiaWQiOiJnYW1lczpjb250ZXh0OjE6dW5kZWZpbmVkOnN3X2drOndlYiIsImdhbWVNb2RlIjoiZnVuIiwiaWF0IjoxNTExMTk3ODI4LCJpc3MiOiJza3l3aW5kZ3JvdXAifQ.Q64wHejtHRYuRmI8x7-L2QtNi_FmfZSH7u1zPAjhuxwJrVBJN1tIVdc0QYIdAB_p_qAafEPhmpTLbrKwAzpXMA
Request method:	POST
Request URI:	http://api.cd2.d.skywind-tech.com:4001/casino/game2
Proxy:			<none>
Request params:	<none>
Query params:	<none>
Form params:	<none>
Path params:	<none>
Headers:		Accept=*/*
				Content-Type=application/json; charset=UTF-8
Cookies:		<none>
Multiparts:		<none>
Body:
{
    "bet": 1,
    "coin": 1,
    "gameSession": "eyJhbGciOiJIUzUxMiIsInR5cCI6IkpXVCJ9.eyJzZXNzaW9uSWQiOjY1OTA4OSwiaWQiOiJnYW1lczpjb250ZXh0OjE6dW5kZWZpbmVkOnN3X2drOndlYiIsImdhbWVNb2RlIjoiZnVuIiwiaWF0IjoxNTExMTk3ODI4LCJpc3MiOiJza3l3aW5kZ3JvdXAifQ.Q64wHejtHRYuRmI8x7-L2QtNi_FmfZSH7u1zPAjhuxwJrVBJN1tIVdc0QYIdAB_p_qAafEPhmpTLbrKwAzpXMA",
    "lines": 1,
    "request": "spin",
    "positions": [
        15,
        28,
        21,
        29,
        18
    ],
    "requestId": 13
}
HTTP/1.1 200 OK
X-Powered-By: Express
Vary: X-HTTP-Method-Override, Accept-Encoding
Access-Control-Allow-Credentials: true
Access-Control-Allow-Origin: *
Access-Control-Expose-Headers: x-paging-total,x-paging-limit,x-paging-offset
Access-Control-Allow-Methods: GET, POST, OPTIONS
Access-Control-Allow-Headers: DNT,X-ACCESS-TOKEN,Keep-Alive,User-Agent,X-Requested-With,If-Modified-Since,Cache-Control,Content-Type,Check-Sum,Cookie
Access-Control-Max-Age: 1728000
Content-Type: application/json; charset=utf-8
Content-Length: 980
ETag: W/"3d4-KPAME0k+6on8/rAqpB7n8kDiZBQ"
Date: Mon, 20 Nov 2017 17:10:31 GMT
Connection: keep-alive

{
    "gameSession": "eyJhbGciOiJIUzUxMiIsInR5cCI6IkpXVCJ9.eyJzZXNzaW9uSWQiOjY1OTA4OSwiaWQiOiJnYW1lczpjb250ZXh0OjE6dW5kZWZpbmVkOnN3X2drOndlYiIsImdhbWVNb2RlIjoiZnVuIiwiaWF0IjoxNTExMTk3ODI4LCJpc3MiOiJza3l3aW5kZ3JvdXAifQ.Q64wHejtHRYuRmI8x7-L2QtNi_FmfZSH7u1zPAjhuxwJrVBJN1tIVdc0QYIdAB_p_qAafEPhmpTLbrKwAzpXMA",
    "balance": {
        "currency": "USD",
        "amount": 24584,
        "real": {
            "amount": 24584
        },
        "bonus": {
            "amount": 0
        }
    },
    "result": {
        "request": "spin",
        "stake": {
            "lines": 1,
            "bet": 1,
            "coin": 1
        },
        "totalBet": 0,
        "totalWin": 60,
        "scene": "freeSpins",
        "multiplier": 1,
        "state": {
            "currentScene": "freeSpins",
            "multiplier": 1,
            "collapsingWin": 60,
            "collapsingCount": 1,
            "isReSpin": true,
            "freeSpinsWin": 954,
            "freeSpinsCount": 8,
            "initialFreeSpinWin": 0,
            "initialFreeSpinsCount": 15,
            "totalFreeSpinsCount": 15
        },
        "reels": {
            "set": "freeSpins",
            "positions": [
                15,
                28,
                21,
                29,
                18
            ],
            "view": [
                [
                    3,
                    3,
                    3,
                    12,
                    3
                ],
                [
                    7,
                    4,
                    9,
                    10,
                    8
                ],
                [
                    8,
                    10,
                    10,
                    7,
                    6
                ]
            ]
        },
        "rewards": [
            {
                "reward": "line",
                "lineId": 1,
                "payout": 60,
                "paytable": [
                    2,
                    2
                ],
                "lineMultiplier": 1
            }
        ],
        "events": [
            
        ],
        "roundEnded": false,
        "version": "0.2.2"
    }
}
]]></system-out>
  </testcase>
  <testcase name="testSpin" classname="com.skywind.qa.test.SpinTest" time="0.184"/>
  <testcase name="testSpin" classname="com.skywind.qa.test.SpinTest" time="0.123">
    <failure message="1 expectation failed.&#10;JSON path result.totalWin doesn&apos;t match.&#10;Expected: &lt;120&gt;&#10;  Actual: 60&#10;" type="java.lang.AssertionError"><![CDATA[java.lang.AssertionError: 1 expectation failed.
JSON path result.totalWin doesn't match.
Expected: <120>
  Actual: 60

	at sun.reflect.NativeConstructorAccessorImpl.newInstance0(Native Method)
	at sun.reflect.NativeConstructorAccessorImpl.newInstance(NativeConstructorAccessorImpl.java:62)
	at sun.reflect.DelegatingConstructorAccessorImpl.newInstance(DelegatingConstructorAccessorImpl.java:45)
	at java.lang.reflect.Constructor.newInstance(Constructor.java:422)
	at org.codehaus.groovy.reflection.CachedConstructor.invoke(CachedConstructor.java:83)
	at org.codehaus.groovy.reflection.CachedConstructor.doConstructorInvoke(CachedConstructor.java:77)
	at org.codehaus.groovy.runtime.callsite.ConstructorSite$ConstructorSiteNoUnwrap.callConstructor(ConstructorSite.java:84)
	at org.codehaus.groovy.runtime.callsite.AbstractCallSite.callConstructor(AbstractCallSite.java:247)
	at io.restassured.internal.ResponseSpecificationImpl$HamcrestAssertionClosure.validate(ResponseSpecificationImpl.groovy:471)
	at io.restassured.internal.ResponseSpecificationImpl$HamcrestAssertionClosure$validate$1.call(Unknown Source)
	at io.restassured.internal.ResponseSpecificationImpl.validateResponseIfRequired(ResponseSpecificationImpl.groovy:643)
	at sun.reflect.GeneratedMethodAccessor75.invoke(Unknown Source)
	at sun.reflect.DelegatingMethodAccessorImpl.invoke(DelegatingMethodAccessorImpl.java:43)
	at java.lang.reflect.Method.invoke(Method.java:497)
	at org.codehaus.groovy.runtime.callsite.PogoMetaMethodSite$PogoCachedMethodSiteNoUnwrapNoCoerce.invoke(PogoMetaMethodSite.java:210)
	at org.codehaus.groovy.runtime.callsite.PogoMetaMethodSite.callCurrent(PogoMetaMethodSite.java:59)
	at org.codehaus.groovy.runtime.callsite.AbstractCallSite.callCurrent(AbstractCallSite.java:166)
	at io.restassured.internal.ResponseSpecificationImpl.content(ResponseSpecificationImpl.groovy:265)
	at io.restassured.specification.ResponseSpecification$content$1.callCurrent(Unknown Source)
	at io.restassured.internal.ResponseSpecificationImpl.body(ResponseSpecificationImpl.groovy:248)
	at io.restassured.internal.ValidatableResponseOptionsImpl.body(ValidatableResponseOptionsImpl.java:268)
	at com.skywind.qa.test.SpinTest.testSpin(SpinTest.java:82)
]]></failure>
    <system-out><![CDATA[Spin{description='Theme3x4', combinations='13,22,21,28,27', totalWin=120}
eyJhbGciOiJIUzUxMiIsInR5cCI6IkpXVCJ9.eyJzZXNzaW9uSWQiOjY1OTA4OSwiaWQiOiJnYW1lczpjb250ZXh0OjE6dW5kZWZpbmVkOnN3X2drOndlYiIsImdhbWVNb2RlIjoiZnVuIiwiaWF0IjoxNTExMTk3ODI4LCJpc3MiOiJza3l3aW5kZ3JvdXAifQ.Q64wHejtHRYuRmI8x7-L2QtNi_FmfZSH7u1zPAjhuxwJrVBJN1tIVdc0QYIdAB_p_qAafEPhmpTLbrKwAzpXMA
Request method:	POST
Request URI:	http://api.cd2.d.skywind-tech.com:4001/casino/game2
Proxy:			<none>
Request params:	<none>
Query params:	<none>
Form params:	<none>
Path params:	<none>
Headers:		Accept=*/*
				Content-Type=application/json; charset=UTF-8
Cookies:		<none>
Multiparts:		<none>
Body:
{
    "bet": 1,
    "coin": 1,
    "gameSession": "eyJhbGciOiJIUzUxMiIsInR5cCI6IkpXVCJ9.eyJzZXNzaW9uSWQiOjY1OTA4OSwiaWQiOiJnYW1lczpjb250ZXh0OjE6dW5kZWZpbmVkOnN3X2drOndlYiIsImdhbWVNb2RlIjoiZnVuIiwiaWF0IjoxNTExMTk3ODI4LCJpc3MiOiJza3l3aW5kZ3JvdXAifQ.Q64wHejtHRYuRmI8x7-L2QtNi_FmfZSH7u1zPAjhuxwJrVBJN1tIVdc0QYIdAB_p_qAafEPhmpTLbrKwAzpXMA",
    "lines": 1,
    "request": "spin",
    "positions": [
        13,
        22,
        21,
        28,
        27
    ],
    "requestId": 15
}
HTTP/1.1 200 OK
X-Powered-By: Express
Vary: X-HTTP-Method-Override, Accept-Encoding
Access-Control-Allow-Credentials: true
Access-Control-Allow-Origin: *
Access-Control-Expose-Headers: x-paging-total,x-paging-limit,x-paging-offset
Access-Control-Allow-Methods: GET, POST, OPTIONS
Access-Control-Allow-Headers: DNT,X-ACCESS-TOKEN,Keep-Alive,User-Agent,X-Requested-With,If-Modified-Since,Cache-Control,Content-Type,Check-Sum,Cookie
Access-Control-Max-Age: 1728000
Content-Type: application/json; charset=utf-8
Content-Length: 980
ETag: W/"3d4-bG7jYZt+b+V3qbOpTudZKgUofKQ"
Date: Mon, 20 Nov 2017 17:10:32 GMT
Connection: keep-alive

{
    "gameSession": "eyJhbGciOiJIUzUxMiIsInR5cCI6IkpXVCJ9.eyJzZXNzaW9uSWQiOjY1OTA4OSwiaWQiOiJnYW1lczpjb250ZXh0OjE6dW5kZWZpbmVkOnN3X2drOndlYiIsImdhbWVNb2RlIjoiZnVuIiwiaWF0IjoxNTExMTk3ODI4LCJpc3MiOiJza3l3aW5kZ3JvdXAifQ.Q64wHejtHRYuRmI8x7-L2QtNi_FmfZSH7u1zPAjhuxwJrVBJN1tIVdc0QYIdAB_p_qAafEPhmpTLbrKwAzpXMA",
    "balance": {
        "currency": "USD",
        "amount": 24644,
        "real": {
            "amount": 24644
        },
        "bonus": {
            "amount": 0
        }
    },
    "result": {
        "request": "spin",
        "stake": {
            "lines": 1,
            "bet": 1,
            "coin": 1
        },
        "totalBet": 0,
        "totalWin": 60,
        "scene": "freeSpins",
        "multiplier": 1,
        "state": {
            "currentScene": "freeSpins",
            "multiplier": 1,
            "collapsingWin": 60,
            "collapsingCount": 1,
            "isReSpin": true,
            "freeSpinsWin": 1014,
            "freeSpinsCount": 7,
            "initialFreeSpinWin": 0,
            "initialFreeSpinsCount": 15,
            "totalFreeSpinsCount": 15
        },
        "reels": {
            "set": "freeSpins",
            "positions": [
                13,
                22,
                21,
                28,
                27
            ],
            "view": [
                [
                    4,
                    7,
                    3,
                    4,
                    7
                ],
                [
                    8,
                    3,
                    9,
                    12,
                    4
                ],
                [
                    3,
                    8,
                    10,
                    10,
                    2
                ]
            ]
        },
        "rewards": [
            {
                "reward": "line",
                "lineId": 4,
                "payout": 60,
                "paytable": [
                    2,
                    2
                ],
                "lineMultiplier": 1
            }
        ],
        "events": [
            
        ],
        "roundEnded": false,
        "version": "0.2.2"
    }
}
]]></system-out>
  </testcase>
  <testcase name="testSpin" classname="com.skywind.qa.test.SpinTest" time="0.151">
    <failure message="1 expectation failed.&#10;JSON path result.totalWin doesn&apos;t match.&#10;Expected: &lt;0&gt;&#10;  Actual: 20&#10;" type="java.lang.AssertionError"><![CDATA[java.lang.AssertionError: 1 expectation failed.
JSON path result.totalWin doesn't match.
Expected: <0>
  Actual: 20

	at sun.reflect.NativeConstructorAccessorImpl.newInstance0(Native Method)
	at sun.reflect.NativeConstructorAccessorImpl.newInstance(NativeConstructorAccessorImpl.java:62)
	at sun.reflect.DelegatingConstructorAccessorImpl.newInstance(DelegatingConstructorAccessorImpl.java:45)
	at java.lang.reflect.Constructor.newInstance(Constructor.java:422)
	at org.codehaus.groovy.reflection.CachedConstructor.invoke(CachedConstructor.java:83)
	at org.codehaus.groovy.reflection.CachedConstructor.doConstructorInvoke(CachedConstructor.java:77)
	at org.codehaus.groovy.runtime.callsite.ConstructorSite$ConstructorSiteNoUnwrap.callConstructor(ConstructorSite.java:84)
	at org.codehaus.groovy.runtime.callsite.AbstractCallSite.callConstructor(AbstractCallSite.java:247)
	at io.restassured.internal.ResponseSpecificationImpl$HamcrestAssertionClosure.validate(ResponseSpecificationImpl.groovy:471)
	at io.restassured.internal.ResponseSpecificationImpl$HamcrestAssertionClosure$validate$1.call(Unknown Source)
	at io.restassured.internal.ResponseSpecificationImpl.validateResponseIfRequired(ResponseSpecificationImpl.groovy:643)
	at sun.reflect.GeneratedMethodAccessor75.invoke(Unknown Source)
	at sun.reflect.DelegatingMethodAccessorImpl.invoke(DelegatingMethodAccessorImpl.java:43)
	at java.lang.reflect.Method.invoke(Method.java:497)
	at org.codehaus.groovy.runtime.callsite.PogoMetaMethodSite$PogoCachedMethodSiteNoUnwrapNoCoerce.invoke(PogoMetaMethodSite.java:210)
	at org.codehaus.groovy.runtime.callsite.PogoMetaMethodSite.callCurrent(PogoMetaMethodSite.java:59)
	at org.codehaus.groovy.runtime.callsite.AbstractCallSite.callCurrent(AbstractCallSite.java:166)
	at io.restassured.internal.ResponseSpecificationImpl.content(ResponseSpecificationImpl.groovy:265)
	at io.restassured.specification.ResponseSpecification$content$1.callCurrent(Unknown Source)
	at io.restassured.internal.ResponseSpecificationImpl.body(ResponseSpecificationImpl.groovy:248)
	at io.restassured.internal.ValidatableResponseOptionsImpl.body(ValidatableResponseOptionsImpl.java:268)
	at com.skywind.qa.test.SpinTest.testSpin(SpinTest.java:82)
]]></failure>
    <system-out><![CDATA[Spin{description='SecondTheme3x4', combinations='12,21,20,27,27', totalWin=0}
eyJhbGciOiJIUzUxMiIsInR5cCI6IkpXVCJ9.eyJzZXNzaW9uSWQiOjY1OTA4OSwiaWQiOiJnYW1lczpjb250ZXh0OjE6dW5kZWZpbmVkOnN3X2drOndlYiIsImdhbWVNb2RlIjoiZnVuIiwiaWF0IjoxNTExMTk3ODI4LCJpc3MiOiJza3l3aW5kZ3JvdXAifQ.Q64wHejtHRYuRmI8x7-L2QtNi_FmfZSH7u1zPAjhuxwJrVBJN1tIVdc0QYIdAB_p_qAafEPhmpTLbrKwAzpXMA
Request method:	POST
Request URI:	http://api.cd2.d.skywind-tech.com:4001/casino/game2
Proxy:			<none>
Request params:	<none>
Query params:	<none>
Form params:	<none>
Path params:	<none>
Headers:		Accept=*/*
				Content-Type=application/json; charset=UTF-8
Cookies:		<none>
Multiparts:		<none>
Body:
{
    "bet": 1,
    "coin": 1,
    "gameSession": "eyJhbGciOiJIUzUxMiIsInR5cCI6IkpXVCJ9.eyJzZXNzaW9uSWQiOjY1OTA4OSwiaWQiOiJnYW1lczpjb250ZXh0OjE6dW5kZWZpbmVkOnN3X2drOndlYiIsImdhbWVNb2RlIjoiZnVuIiwiaWF0IjoxNTExMTk3ODI4LCJpc3MiOiJza3l3aW5kZ3JvdXAifQ.Q64wHejtHRYuRmI8x7-L2QtNi_FmfZSH7u1zPAjhuxwJrVBJN1tIVdc0QYIdAB_p_qAafEPhmpTLbrKwAzpXMA",
    "lines": 1,
    "request": "spin",
    "positions": [
        12,
        21,
        20,
        27,
        27
    ],
    "requestId": 16
}
HTTP/1.1 200 OK
X-Powered-By: Express
Vary: X-HTTP-Method-Override, Accept-Encoding
Access-Control-Allow-Credentials: true
Access-Control-Allow-Origin: *
Access-Control-Expose-Headers: x-paging-total,x-paging-limit,x-paging-offset
Access-Control-Allow-Methods: GET, POST, OPTIONS
Access-Control-Allow-Headers: DNT,X-ACCESS-TOKEN,Keep-Alive,User-Agent,X-Requested-With,If-Modified-Since,Cache-Control,Content-Type,Check-Sum,Cookie
Access-Control-Max-Age: 1728000
Content-Type: application/json; charset=utf-8
Content-Length: 981
ETag: W/"3d5-MM0fofnTqT5glMQsL16P1bpLIlk"
Date: Mon, 20 Nov 2017 17:10:32 GMT
Connection: keep-alive

{
    "gameSession": "eyJhbGciOiJIUzUxMiIsInR5cCI6IkpXVCJ9.eyJzZXNzaW9uSWQiOjY1OTA4OSwiaWQiOiJnYW1lczpjb250ZXh0OjE6dW5kZWZpbmVkOnN3X2drOndlYiIsImdhbWVNb2RlIjoiZnVuIiwiaWF0IjoxNTExMTk3ODI4LCJpc3MiOiJza3l3aW5kZ3JvdXAifQ.Q64wHejtHRYuRmI8x7-L2QtNi_FmfZSH7u1zPAjhuxwJrVBJN1tIVdc0QYIdAB_p_qAafEPhmpTLbrKwAzpXMA",
    "balance": {
        "currency": "USD",
        "amount": 24664,
        "real": {
            "amount": 24664
        },
        "bonus": {
            "amount": 0
        }
    },
    "result": {
        "request": "spin",
        "stake": {
            "lines": 1,
            "bet": 1,
            "coin": 1
        },
        "totalBet": 0,
        "totalWin": 20,
        "scene": "freeSpins",
        "multiplier": 2,
        "state": {
            "currentScene": "freeSpins",
            "multiplier": 2,
            "collapsingWin": 80,
            "collapsingCount": 2,
            "isReSpin": true,
            "freeSpinsWin": 1034,
            "freeSpinsCount": 7,
            "initialFreeSpinWin": 0,
            "initialFreeSpinsCount": 15,
            "totalFreeSpinsCount": 15
        },
        "reels": {
            "set": "freeSpins",
            "positions": [
                12,
                21,
                20,
                28,
                27
            ],
            "view": [
                [
                    7,
                    2,
                    7,
                    4,
                    7
                ],
                [
                    4,
                    7,
                    9,
                    12,
                    4
                ],
                [
                    8,
                    8,
                    10,
                    10,
                    2
                ]
            ]
        },
        "rewards": [
            {
                "reward": "line",
                "lineId": 13,
                "payout": 20,
                "paytable": [
                    5,
                    2
                ],
                "lineMultiplier": 1
            }
        ],
        "events": [
            
        ],
        "roundEnded": false,
        "version": "0.2.2"
    }
}
]]></system-out>
  </testcase>
  <testcase name="testSpin" classname="com.skywind.qa.test.SpinTest" time="0.163">
    <failure message="1 expectation failed.&#10;JSON path result.totalWin doesn&apos;t match.&#10;Expected: &lt;60&gt;&#10;  Actual: 0&#10;" type="java.lang.AssertionError"><![CDATA[java.lang.AssertionError: 1 expectation failed.
JSON path result.totalWin doesn't match.
Expected: <60>
  Actual: 0

	at sun.reflect.NativeConstructorAccessorImpl.newInstance0(Native Method)
	at sun.reflect.NativeConstructorAccessorImpl.newInstance(NativeConstructorAccessorImpl.java:62)
	at sun.reflect.DelegatingConstructorAccessorImpl.newInstance(DelegatingConstructorAccessorImpl.java:45)
	at java.lang.reflect.Constructor.newInstance(Constructor.java:422)
	at org.codehaus.groovy.reflection.CachedConstructor.invoke(CachedConstructor.java:83)
	at org.codehaus.groovy.reflection.CachedConstructor.doConstructorInvoke(CachedConstructor.java:77)
	at org.codehaus.groovy.runtime.callsite.ConstructorSite$ConstructorSiteNoUnwrap.callConstructor(ConstructorSite.java:84)
	at org.codehaus.groovy.runtime.callsite.AbstractCallSite.callConstructor(AbstractCallSite.java:247)
	at io.restassured.internal.ResponseSpecificationImpl$HamcrestAssertionClosure.validate(ResponseSpecificationImpl.groovy:471)
	at io.restassured.internal.ResponseSpecificationImpl$HamcrestAssertionClosure$validate$1.call(Unknown Source)
	at io.restassured.internal.ResponseSpecificationImpl.validateResponseIfRequired(ResponseSpecificationImpl.groovy:643)
	at sun.reflect.GeneratedMethodAccessor75.invoke(Unknown Source)
	at sun.reflect.DelegatingMethodAccessorImpl.invoke(DelegatingMethodAccessorImpl.java:43)
	at java.lang.reflect.Method.invoke(Method.java:497)
	at org.codehaus.groovy.runtime.callsite.PogoMetaMethodSite$PogoCachedMethodSiteNoUnwrapNoCoerce.invoke(PogoMetaMethodSite.java:210)
	at org.codehaus.groovy.runtime.callsite.PogoMetaMethodSite.callCurrent(PogoMetaMethodSite.java:59)
	at org.codehaus.groovy.runtime.callsite.AbstractCallSite.callCurrent(AbstractCallSite.java:166)
	at io.restassured.internal.ResponseSpecificationImpl.content(ResponseSpecificationImpl.groovy:265)
	at io.restassured.specification.ResponseSpecification$content$1.callCurrent(Unknown Source)
	at io.restassured.internal.ResponseSpecificationImpl.body(ResponseSpecificationImpl.groovy:248)
	at io.restassured.internal.ValidatableResponseOptionsImpl.body(ValidatableResponseOptionsImpl.java:268)
	at com.skywind.qa.test.SpinTest.testSpin(SpinTest.java:82)
]]></failure>
    <system-out><![CDATA[Spin{description='Theme3x3', combinations='26,23,4,6,25', totalWin=60}
eyJhbGciOiJIUzUxMiIsInR5cCI6IkpXVCJ9.eyJzZXNzaW9uSWQiOjY1OTA4OSwiaWQiOiJnYW1lczpjb250ZXh0OjE6dW5kZWZpbmVkOnN3X2drOndlYiIsImdhbWVNb2RlIjoiZnVuIiwiaWF0IjoxNTExMTk3ODI4LCJpc3MiOiJza3l3aW5kZ3JvdXAifQ.Q64wHejtHRYuRmI8x7-L2QtNi_FmfZSH7u1zPAjhuxwJrVBJN1tIVdc0QYIdAB_p_qAafEPhmpTLbrKwAzpXMA
Request method:	POST
Request URI:	http://api.cd2.d.skywind-tech.com:4001/casino/game2
Proxy:			<none>
Request params:	<none>
Query params:	<none>
Form params:	<none>
Path params:	<none>
Headers:		Accept=*/*
				Content-Type=application/json; charset=UTF-8
Cookies:		<none>
Multiparts:		<none>
Body:
{
    "bet": 1,
    "coin": 1,
    "gameSession": "eyJhbGciOiJIUzUxMiIsInR5cCI6IkpXVCJ9.eyJzZXNzaW9uSWQiOjY1OTA4OSwiaWQiOiJnYW1lczpjb250ZXh0OjE6dW5kZWZpbmVkOnN3X2drOndlYiIsImdhbWVNb2RlIjoiZnVuIiwiaWF0IjoxNTExMTk3ODI4LCJpc3MiOiJza3l3aW5kZ3JvdXAifQ.Q64wHejtHRYuRmI8x7-L2QtNi_FmfZSH7u1zPAjhuxwJrVBJN1tIVdc0QYIdAB_p_qAafEPhmpTLbrKwAzpXMA",
    "lines": 1,
    "request": "spin",
    "positions": [
        26,
        23,
        4,
        6,
        25
    ],
    "requestId": 17
}
HTTP/1.1 200 OK
X-Powered-By: Express
Vary: X-HTTP-Method-Override, Accept-Encoding
Access-Control-Allow-Credentials: true
Access-Control-Allow-Origin: *
Access-Control-Expose-Headers: x-paging-total,x-paging-limit,x-paging-offset
Access-Control-Allow-Methods: GET, POST, OPTIONS
Access-Control-Allow-Headers: DNT,X-ACCESS-TOKEN,Keep-Alive,User-Agent,X-Requested-With,If-Modified-Since,Cache-Control,Content-Type,Check-Sum,Cookie
Access-Control-Max-Age: 1728000
Content-Type: application/json; charset=utf-8
Content-Length: 904
ETag: W/"388-LaqawHHmyfBr/64Csgof+Zc84jk"
Date: Mon, 20 Nov 2017 17:10:32 GMT
Connection: keep-alive

{
    "gameSession": "eyJhbGciOiJIUzUxMiIsInR5cCI6IkpXVCJ9.eyJzZXNzaW9uSWQiOjY1OTA4OSwiaWQiOiJnYW1lczpjb250ZXh0OjE6dW5kZWZpbmVkOnN3X2drOndlYiIsImdhbWVNb2RlIjoiZnVuIiwiaWF0IjoxNTExMTk3ODI4LCJpc3MiOiJza3l3aW5kZ3JvdXAifQ.Q64wHejtHRYuRmI8x7-L2QtNi_FmfZSH7u1zPAjhuxwJrVBJN1tIVdc0QYIdAB_p_qAafEPhmpTLbrKwAzpXMA",
    "balance": {
        "currency": "USD",
        "amount": 24664,
        "real": {
            "amount": 24664
        },
        "bonus": {
            "amount": 0
        }
    },
    "result": {
        "request": "spin",
        "stake": {
            "lines": 1,
            "bet": 1,
            "coin": 1
        },
        "totalBet": 0,
        "totalWin": 0,
        "scene": "freeSpins",
        "multiplier": 3,
        "state": {
            "currentScene": "freeSpins",
            "multiplier": 3,
            "collapsingWin": 80,
            "collapsingCount": 0,
            "isReSpin": false,
            "freeSpinsWin": 1034,
            "freeSpinsCount": 6,
            "initialFreeSpinWin": 0,
            "initialFreeSpinsCount": 15,
            "totalFreeSpinsCount": 15
        },
        "reels": {
            "set": "freeSpins",
            "positions": [
                11,
                20,
                19,
                28,
                27
            ],
            "view": [
                [
                    4,
                    8,
                    2,
                    4,
                    7
                ],
                [
                    4,
                    2,
                    9,
                    12,
                    4
                ],
                [
                    8,
                    8,
                    10,
                    10,
                    2
                ]
            ]
        },
        "rewards": [
            
        ],
        "events": [
            
        ],
        "roundEnded": false,
        "version": "0.2.2"
    }
}
]]></system-out>
  </testcase>
  <testcase name="testSpin" classname="com.skywind.qa.test.SpinTest" time="0.147">
    <failure message="1 expectation failed.&#10;JSON path result.totalWin doesn&apos;t match.&#10;Expected: &lt;0&gt;&#10;  Actual: 60&#10;" type="java.lang.AssertionError"><![CDATA[java.lang.AssertionError: 1 expectation failed.
JSON path result.totalWin doesn't match.
Expected: <0>
  Actual: 60

	at sun.reflect.NativeConstructorAccessorImpl.newInstance0(Native Method)
	at sun.reflect.NativeConstructorAccessorImpl.newInstance(NativeConstructorAccessorImpl.java:62)
	at sun.reflect.DelegatingConstructorAccessorImpl.newInstance(DelegatingConstructorAccessorImpl.java:45)
	at java.lang.reflect.Constructor.newInstance(Constructor.java:422)
	at org.codehaus.groovy.reflection.CachedConstructor.invoke(CachedConstructor.java:83)
	at org.codehaus.groovy.reflection.CachedConstructor.doConstructorInvoke(CachedConstructor.java:77)
	at org.codehaus.groovy.runtime.callsite.ConstructorSite$ConstructorSiteNoUnwrap.callConstructor(ConstructorSite.java:84)
	at org.codehaus.groovy.runtime.callsite.AbstractCallSite.callConstructor(AbstractCallSite.java:247)
	at io.restassured.internal.ResponseSpecificationImpl$HamcrestAssertionClosure.validate(ResponseSpecificationImpl.groovy:471)
	at io.restassured.internal.ResponseSpecificationImpl$HamcrestAssertionClosure$validate$1.call(Unknown Source)
	at io.restassured.internal.ResponseSpecificationImpl.validateResponseIfRequired(ResponseSpecificationImpl.groovy:643)
	at sun.reflect.GeneratedMethodAccessor75.invoke(Unknown Source)
	at sun.reflect.DelegatingMethodAccessorImpl.invoke(DelegatingMethodAccessorImpl.java:43)
	at java.lang.reflect.Method.invoke(Method.java:497)
	at org.codehaus.groovy.runtime.callsite.PogoMetaMethodSite$PogoCachedMethodSiteNoUnwrapNoCoerce.invoke(PogoMetaMethodSite.java:210)
	at org.codehaus.groovy.runtime.callsite.PogoMetaMethodSite.callCurrent(PogoMetaMethodSite.java:59)
	at org.codehaus.groovy.runtime.callsite.AbstractCallSite.callCurrent(AbstractCallSite.java:166)
	at io.restassured.internal.ResponseSpecificationImpl.content(ResponseSpecificationImpl.groovy:265)
	at io.restassured.specification.ResponseSpecification$content$1.callCurrent(Unknown Source)
	at io.restassured.internal.ResponseSpecificationImpl.body(ResponseSpecificationImpl.groovy:248)
	at io.restassured.internal.ValidatableResponseOptionsImpl.body(ValidatableResponseOptionsImpl.java:268)
	at com.skywind.qa.test.SpinTest.testSpin(SpinTest.java:82)
]]></failure>
    <system-out><![CDATA[Spin{description='SecondTheme3x3', combinations='25,22,3,6,25', totalWin=0}
eyJhbGciOiJIUzUxMiIsInR5cCI6IkpXVCJ9.eyJzZXNzaW9uSWQiOjY1OTA4OSwiaWQiOiJnYW1lczpjb250ZXh0OjE6dW5kZWZpbmVkOnN3X2drOndlYiIsImdhbWVNb2RlIjoiZnVuIiwiaWF0IjoxNTExMTk3ODI4LCJpc3MiOiJza3l3aW5kZ3JvdXAifQ.Q64wHejtHRYuRmI8x7-L2QtNi_FmfZSH7u1zPAjhuxwJrVBJN1tIVdc0QYIdAB_p_qAafEPhmpTLbrKwAzpXMA
Request method:	POST
Request URI:	http://api.cd2.d.skywind-tech.com:4001/casino/game2
Proxy:			<none>
Request params:	<none>
Query params:	<none>
Form params:	<none>
Path params:	<none>
Headers:		Accept=*/*
				Content-Type=application/json; charset=UTF-8
Cookies:		<none>
Multiparts:		<none>
Body:
{
    "bet": 1,
    "coin": 1,
    "gameSession": "eyJhbGciOiJIUzUxMiIsInR5cCI6IkpXVCJ9.eyJzZXNzaW9uSWQiOjY1OTA4OSwiaWQiOiJnYW1lczpjb250ZXh0OjE6dW5kZWZpbmVkOnN3X2drOndlYiIsImdhbWVNb2RlIjoiZnVuIiwiaWF0IjoxNTExMTk3ODI4LCJpc3MiOiJza3l3aW5kZ3JvdXAifQ.Q64wHejtHRYuRmI8x7-L2QtNi_FmfZSH7u1zPAjhuxwJrVBJN1tIVdc0QYIdAB_p_qAafEPhmpTLbrKwAzpXMA",
    "lines": 1,
    "request": "spin",
    "positions": [
        25,
        22,
        3,
        6,
        25
    ],
    "requestId": 18
}
HTTP/1.1 200 OK
X-Powered-By: Express
Vary: X-HTTP-Method-Override, Accept-Encoding
Access-Control-Allow-Credentials: true
Access-Control-Allow-Origin: *
Access-Control-Expose-Headers: x-paging-total,x-paging-limit,x-paging-offset
Access-Control-Allow-Methods: GET, POST, OPTIONS
Access-Control-Allow-Headers: DNT,X-ACCESS-TOKEN,Keep-Alive,User-Agent,X-Requested-With,If-Modified-Since,Cache-Control,Content-Type,Check-Sum,Cookie
Access-Control-Max-Age: 1728000
Content-Type: application/json; charset=utf-8
Content-Length: 980
ETag: W/"3d4-XPoNkuXowUFiWFQ/HUOF24y0YWo"
Date: Mon, 20 Nov 2017 17:10:32 GMT
Connection: keep-alive

{
    "gameSession": "eyJhbGciOiJIUzUxMiIsInR5cCI6IkpXVCJ9.eyJzZXNzaW9uSWQiOjY1OTA4OSwiaWQiOiJnYW1lczpjb250ZXh0OjE6dW5kZWZpbmVkOnN3X2drOndlYiIsImdhbWVNb2RlIjoiZnVuIiwiaWF0IjoxNTExMTk3ODI4LCJpc3MiOiJza3l3aW5kZ3JvdXAifQ.Q64wHejtHRYuRmI8x7-L2QtNi_FmfZSH7u1zPAjhuxwJrVBJN1tIVdc0QYIdAB_p_qAafEPhmpTLbrKwAzpXMA",
    "balance": {
        "currency": "USD",
        "amount": 24724,
        "real": {
            "amount": 24724
        },
        "bonus": {
            "amount": 0
        }
    },
    "result": {
        "request": "spin",
        "stake": {
            "lines": 1,
            "bet": 1,
            "coin": 1
        },
        "totalBet": 0,
        "totalWin": 60,
        "scene": "freeSpins",
        "multiplier": 1,
        "state": {
            "currentScene": "freeSpins",
            "multiplier": 1,
            "collapsingWin": 60,
            "collapsingCount": 1,
            "isReSpin": true,
            "freeSpinsWin": 1094,
            "freeSpinsCount": 6,
            "initialFreeSpinWin": 0,
            "initialFreeSpinsCount": 15,
            "totalFreeSpinsCount": 15
        },
        "reels": {
            "set": "freeSpins",
            "positions": [
                25,
                22,
                3,
                6,
                25
            ],
            "view": [
                [
                    11,
                    7,
                    11,
                    6,
                    3
                ],
                [
                    3,
                    3,
                    6,
                    4,
                    12
                ],
                [
                    7,
                    8,
                    3,
                    10,
                    7
                ]
            ]
        },
        "rewards": [
            {
                "reward": "line",
                "lineId": 16,
                "payout": 60,
                "paytable": [
                    2,
                    2
                ],
                "lineMultiplier": 1
            }
        ],
        "events": [
            
        ],
        "roundEnded": false,
        "version": "0.2.2"
    }
}
]]></system-out>
  </testcase>
  <testcase name="testSpin" classname="com.skywind.qa.test.SpinTest" time="0.257">
    <failure message="1 expectation failed.&#10;JSON path result.totalWin doesn&apos;t match.&#10;Expected: &lt;150&gt;&#10;  Actual: 70&#10;" type="java.lang.AssertionError"><![CDATA[java.lang.AssertionError: 1 expectation failed.
JSON path result.totalWin doesn't match.
Expected: <150>
  Actual: 70

	at sun.reflect.NativeConstructorAccessorImpl.newInstance0(Native Method)
	at sun.reflect.NativeConstructorAccessorImpl.newInstance(NativeConstructorAccessorImpl.java:62)
	at sun.reflect.DelegatingConstructorAccessorImpl.newInstance(DelegatingConstructorAccessorImpl.java:45)
	at java.lang.reflect.Constructor.newInstance(Constructor.java:422)
	at org.codehaus.groovy.reflection.CachedConstructor.invoke(CachedConstructor.java:83)
	at org.codehaus.groovy.reflection.CachedConstructor.doConstructorInvoke(CachedConstructor.java:77)
	at org.codehaus.groovy.runtime.callsite.ConstructorSite$ConstructorSiteNoUnwrap.callConstructor(ConstructorSite.java:84)
	at org.codehaus.groovy.runtime.callsite.AbstractCallSite.callConstructor(AbstractCallSite.java:247)
	at io.restassured.internal.ResponseSpecificationImpl$HamcrestAssertionClosure.validate(ResponseSpecificationImpl.groovy:471)
	at io.restassured.internal.ResponseSpecificationImpl$HamcrestAssertionClosure$validate$1.call(Unknown Source)
	at io.restassured.internal.ResponseSpecificationImpl.validateResponseIfRequired(ResponseSpecificationImpl.groovy:643)
	at sun.reflect.GeneratedMethodAccessor75.invoke(Unknown Source)
	at sun.reflect.DelegatingMethodAccessorImpl.invoke(DelegatingMethodAccessorImpl.java:43)
	at java.lang.reflect.Method.invoke(Method.java:497)
	at org.codehaus.groovy.runtime.callsite.PogoMetaMethodSite$PogoCachedMethodSiteNoUnwrapNoCoerce.invoke(PogoMetaMethodSite.java:210)
	at org.codehaus.groovy.runtime.callsite.PogoMetaMethodSite.callCurrent(PogoMetaMethodSite.java:59)
	at org.codehaus.groovy.runtime.callsite.AbstractCallSite.callCurrent(AbstractCallSite.java:166)
	at io.restassured.internal.ResponseSpecificationImpl.content(ResponseSpecificationImpl.groovy:265)
	at io.restassured.specification.ResponseSpecification$content$1.callCurrent(Unknown Source)
	at io.restassured.internal.ResponseSpecificationImpl.body(ResponseSpecificationImpl.groovy:248)
	at io.restassured.internal.ValidatableResponseOptionsImpl.body(ValidatableResponseOptionsImpl.java:268)
	at com.skywind.qa.test.SpinTest.testSpin(SpinTest.java:82)
]]></failure>
    <system-out><![CDATA[Spin{description='Theme4x5', combinations='28,28,30,5,28', totalWin=150}
eyJhbGciOiJIUzUxMiIsInR5cCI6IkpXVCJ9.eyJzZXNzaW9uSWQiOjY1OTA4OSwiaWQiOiJnYW1lczpjb250ZXh0OjE6dW5kZWZpbmVkOnN3X2drOndlYiIsImdhbWVNb2RlIjoiZnVuIiwiaWF0IjoxNTExMTk3ODI4LCJpc3MiOiJza3l3aW5kZ3JvdXAifQ.Q64wHejtHRYuRmI8x7-L2QtNi_FmfZSH7u1zPAjhuxwJrVBJN1tIVdc0QYIdAB_p_qAafEPhmpTLbrKwAzpXMA
Request method:	POST
Request URI:	http://api.cd2.d.skywind-tech.com:4001/casino/game2
Proxy:			<none>
Request params:	<none>
Query params:	<none>
Form params:	<none>
Path params:	<none>
Headers:		Accept=*/*
				Content-Type=application/json; charset=UTF-8
Cookies:		<none>
Multiparts:		<none>
Body:
{
    "bet": 1,
    "coin": 1,
    "gameSession": "eyJhbGciOiJIUzUxMiIsInR5cCI6IkpXVCJ9.eyJzZXNzaW9uSWQiOjY1OTA4OSwiaWQiOiJnYW1lczpjb250ZXh0OjE6dW5kZWZpbmVkOnN3X2drOndlYiIsImdhbWVNb2RlIjoiZnVuIiwiaWF0IjoxNTExMTk3ODI4LCJpc3MiOiJza3l3aW5kZ3JvdXAifQ.Q64wHejtHRYuRmI8x7-L2QtNi_FmfZSH7u1zPAjhuxwJrVBJN1tIVdc0QYIdAB_p_qAafEPhmpTLbrKwAzpXMA",
    "lines": 1,
    "request": "spin",
    "positions": [
        28,
        28,
        30,
        5,
        28
    ],
    "requestId": 19
}
HTTP/1.1 200 OK
X-Powered-By: Express
Vary: X-HTTP-Method-Override, Accept-Encoding
Access-Control-Allow-Credentials: true
Access-Control-Allow-Origin: *
Access-Control-Expose-Headers: x-paging-total,x-paging-limit,x-paging-offset
Access-Control-Allow-Methods: GET, POST, OPTIONS
Access-Control-Allow-Headers: DNT,X-ACCESS-TOKEN,Keep-Alive,User-Agent,X-Requested-With,If-Modified-Since,Cache-Control,Content-Type,Check-Sum,Cookie
Access-Control-Max-Age: 1728000
Content-Type: application/json; charset=utf-8
ETag: W/"421-Lfdx5doHP2wcYzmbBwoXoGoS660"
Content-Encoding: gzip
Date: Mon, 20 Nov 2017 17:10:32 GMT
Connection: keep-alive
Transfer-Encoding: chunked

{
    "gameSession": "eyJhbGciOiJIUzUxMiIsInR5cCI6IkpXVCJ9.eyJzZXNzaW9uSWQiOjY1OTA4OSwiaWQiOiJnYW1lczpjb250ZXh0OjE6dW5kZWZpbmVkOnN3X2drOndlYiIsImdhbWVNb2RlIjoiZnVuIiwiaWF0IjoxNTExMTk3ODI4LCJpc3MiOiJza3l3aW5kZ3JvdXAifQ.Q64wHejtHRYuRmI8x7-L2QtNi_FmfZSH7u1zPAjhuxwJrVBJN1tIVdc0QYIdAB_p_qAafEPhmpTLbrKwAzpXMA",
    "balance": {
        "currency": "USD",
        "amount": 24794,
        "real": {
            "amount": 24794
        },
        "bonus": {
            "amount": 0
        }
    },
    "result": {
        "request": "spin",
        "stake": {
            "lines": 1,
            "bet": 1,
            "coin": 1
        },
        "totalBet": 0,
        "totalWin": 70,
        "scene": "freeSpins",
        "multiplier": 2,
        "state": {
            "currentScene": "freeSpins",
            "multiplier": 2,
            "collapsingWin": 130,
            "collapsingCount": 2,
            "isReSpin": true,
            "freeSpinsWin": 1164,
            "freeSpinsCount": 6,
            "initialFreeSpinWin": 0,
            "initialFreeSpinsCount": 15,
            "totalFreeSpinsCount": 15
        },
        "reels": {
            "set": "freeSpins",
            "positions": [
                24,
                21,
                2,
                6,
                25
            ],
            "view": [
                [
                    12,
                    2,
                    7,
                    6,
                    3
                ],
                [
                    11,
                    7,
                    11,
                    4,
                    12
                ],
                [
                    7,
                    8,
                    6,
                    10,
                    7
                ]
            ]
        },
        "rewards": [
            {
                "reward": "line",
                "lineId": 4,
                "payout": 20,
                "paytable": [
                    5,
[...]
    "balance": {
        "currency": "USD",
        "amount": 24862,
        "real": {
            "amount": 24862
        },
        "bonus": {
            "amount": 0
        }
    },
    "result": {
        "request": "spin",
        "stake": {
            "lines": 1,
            "bet": 1,
            "coin": 1
        },
        "totalBet": 0,
        "totalWin": 20,
        "scene": "freeSpins",
        "multiplier": 1,
        "state": {
            "currentScene": "freeSpins",
            "multiplier": 1,
            "collapsingWin": 20,
            "collapsingCount": 1,
            "isReSpin": true,
            "freeSpinsWin": 1232,
            "freeSpinsCount": 4,
            "initialFreeSpinWin": 0,
            "initialFreeSpinsCount": 15,
            "totalFreeSpinsCount": 15
        },
        "reels": {
            "set": "freeSpins",
            "positions": [
                0,
                7,
                31,
                16,
                17
            ],
            "view": [
                [
                    10,
                    4,
                    6,
                    10,
                    4
                ],
                [
                    4,
                    8,
                    8,
                    3,
                    3
                ],
                [
                    8,
                    0,
                    7,
                    9,
                    8
                ]
            ]
        },
        "rewards": [
            {
                "reward": "line",
                "lineId": 6,
                "payout": 8,
                "paytable": [
                    6,
                    2
                ],
                "lineMultiplier": 1
            },
            {
                "reward": "line",
                "lineId": 12,
                "payout": 8,
                "paytable": [
                    6,
                    2
                ],
                "lineMultiplier": 1
            },
            {
                "reward": "line",
                "lineId": 19,
                "payout": 2,
                "paytable": [
                    8,
                    1
                ],
                "lineMultiplier": 1
            },
            {
                "reward": "line",
                "lineId": 23,
                "payout": 2,
                "paytable": [
                    8,
                    1
                ],
                "lineMultiplier": 1
            }
        ],
        "events": [
            
        ],
        "roundEnded": false,
        "version": "0.2.2"
    }
}
]]></system-out>
  </testcase>
  <testcase name="testSpin" classname="com.skywind.qa.test.SpinTest" time="0.129"/>
  <testcase name="testSpin" classname="com.skywind.qa.test.SpinTest" time="0.237">
    <failure message="1 expectation failed.&#10;JSON path result.totalWin doesn&apos;t match.&#10;Expected: &lt;100&gt;&#10;  Actual: 6&#10;" type="java.lang.AssertionError"><![CDATA[java.lang.AssertionError: 1 expectation failed.
JSON path result.totalWin doesn't match.
Expected: <100>
  Actual: 6

	at sun.reflect.NativeConstructorAccessorImpl.newInstance0(Native Method)
	at sun.reflect.NativeConstructorAccessorImpl.newInstance(NativeConstructorAccessorImpl.java:62)
	at sun.reflect.DelegatingConstructorAccessorImpl.newInstance(DelegatingConstructorAccessorImpl.java:45)
	at java.lang.reflect.Constructor.newInstance(Constructor.java:422)
	at org.codehaus.groovy.reflection.CachedConstructor.invoke(CachedConstructor.java:83)
	at org.codehaus.groovy.reflection.CachedConstructor.doConstructorInvoke(CachedConstructor.java:77)
	at org.codehaus.groovy.runtime.callsite.ConstructorSite$ConstructorSiteNoUnwrap.callConstructor(ConstructorSite.java:84)
	at org.codehaus.groovy.runtime.callsite.AbstractCallSite.callConstructor(AbstractCallSite.java:247)
	at io.restassured.internal.ResponseSpecificationImpl$HamcrestAssertionClosure.validate(ResponseSpecificationImpl.groovy:471)
	at io.restassured.internal.ResponseSpecificationImpl$HamcrestAssertionClosure$validate$1.call(Unknown Source)
	at io.restassured.internal.ResponseSpecificationImpl.validateResponseIfRequired(ResponseSpecificationImpl.groovy:643)
	at sun.reflect.GeneratedMethodAccessor75.invoke(Unknown Source)
	at sun.reflect.DelegatingMethodAccessorImpl.invoke(DelegatingMethodAccessorImpl.java:43)
	at java.lang.reflect.Method.invoke(Method.java:497)
	at org.codehaus.groovy.runtime.callsite.PogoMetaMethodSite$PogoCachedMethodSiteNoUnwrapNoCoerce.invoke(PogoMetaMethodSite.java:210)
	at org.codehaus.groovy.runtime.callsite.PogoMetaMethodSite.callCurrent(PogoMetaMethodSite.java:59)
	at org.codehaus.groovy.runtime.callsite.AbstractCallSite.callCurrent(AbstractCallSite.java:166)
	at io.restassured.internal.ResponseSpecificationImpl.content(ResponseSpecificationImpl.groovy:265)
	at io.restassured.specification.ResponseSpecification$content$1.callCurrent(Unknown Source)
	at io.restassured.internal.ResponseSpecificationImpl.body(ResponseSpecificationImpl.groovy:248)
	at io.restassured.internal.ValidatableResponseOptionsImpl.body(ValidatableResponseOptionsImpl.java:268)
	at com.skywind.qa.test.SpinTest.testSpin(SpinTest.java:82)
]]></failure>
    <system-out><![CDATA[Spin{description='Ax5', combinations='22,10,20,6,2', totalWin=100}
eyJhbGciOiJIUzUxMiIsInR5cCI6IkpXVCJ9.eyJzZXNzaW9uSWQiOjY1OTA4OSwiaWQiOiJnYW1lczpjb250ZXh0OjE6dW5kZWZpbmVkOnN3X2drOndlYiIsImdhbWVNb2RlIjoiZnVuIiwiaWF0IjoxNTExMTk3ODI4LCJpc3MiOiJza3l3aW5kZ3JvdXAifQ.Q64wHejtHRYuRmI8x7-L2QtNi_FmfZSH7u1zPAjhuxwJrVBJN1tIVdc0QYIdAB_p_qAafEPhmpTLbrKwAzpXMA
Request method:	POST
Request URI:	http://api.cd2.d.skywind-tech.com:4001/casino/game2
Proxy:			<none>
Request params:	<none>
Query params:	<none>
Form params:	<none>
Path params:	<none>
Headers:		Accept=*/*
				Content-Type=application/json; charset=UTF-8
Cookies:		<none>
Multiparts:		<none>
Body:
{
    "bet": 1,
    "coin": 1,
    "gameSession": "eyJhbGciOiJIUzUxMiIsInR5cCI6IkpXVCJ9.eyJzZXNzaW9uSWQiOjY1OTA4OSwiaWQiOiJnYW1lczpjb250ZXh0OjE6dW5kZWZpbmVkOnN3X2drOndlYiIsImdhbWVNb2RlIjoiZnVuIiwiaWF0IjoxNTExMTk3ODI4LCJpc3MiOiJza3l3aW5kZ3JvdXAifQ.Q64wHejtHRYuRmI8x7-L2QtNi_FmfZSH7u1zPAjhuxwJrVBJN1tIVdc0QYIdAB_p_qAafEPhmpTLbrKwAzpXMA",
    "lines": 1,
    "request": "spin",
    "positions": [
        22,
        10,
        20,
        6,
        2
    ],
    "requestId": 25
}
HTTP/1.1 200 OK
X-Powered-By: Express
Vary: X-HTTP-Method-Override, Accept-Encoding
Access-Control-Allow-Credentials: true
Access-Control-Allow-Origin: *
Access-Control-Expose-Headers: x-paging-total,x-paging-limit,x-paging-offset
Access-Control-Allow-Methods: GET, POST, OPTIONS
Access-Control-Allow-Headers: DNT,X-ACCESS-TOKEN,Keep-Alive,User-Agent,X-Requested-With,If-Modified-Since,Cache-Control,Content-Type,Check-Sum,Cookie
Access-Control-Max-Age: 1728000
Content-Type: application/json; charset=utf-8
Content-Length: 976
ETag: W/"3d0-OeC2rGHsw0huUp6EJZY4LGGV9Yg"
Date: Mon, 20 Nov 2017 17:10:33 GMT
Connection: keep-alive

{
    "gameSession": "eyJhbGciOiJIUzUxMiIsInR5cCI6IkpXVCJ9.eyJzZXNzaW9uSWQiOjY1OTA4OSwiaWQiOiJnYW1lczpjb250ZXh0OjE6dW5kZWZpbmVkOnN3X2drOndlYiIsImdhbWVNb2RlIjoiZnVuIiwiaWF0IjoxNTExMTk3ODI4LCJpc3MiOiJza3l3aW5kZ3JvdXAifQ.Q64wHejtHRYuRmI8x7-L2QtNi_FmfZSH7u1zPAjhuxwJrVBJN1tIVdc0QYIdAB_p_qAafEPhmpTLbrKwAzpXMA",
    "balance": {
        "currency": "USD",
        "amount": 24868,
        "real": {
            "amount": 24868
        },
        "bonus": {
            "amount": 0
        }
    },
    "result": {
        "request": "spin",
        "stake": {
            "lines": 1,
            "bet": 1,
            "coin": 1
        },
        "totalBet": 0,
        "totalWin": 6,
        "scene": "freeSpins",
        "multiplier": 1,
        "state": {
            "currentScene": "freeSpins",
            "multiplier": 1,
            "collapsingWin": 6,
            "collapsingCount": 1,
            "isReSpin": true,
            "freeSpinsWin": 1238,
            "freeSpinsCount": 3,
            "initialFreeSpinWin": 0,
            "initialFreeSpinsCount": 15,
            "totalFreeSpinsCount": 15
        },
        "reels": {
            "set": "freeSpins",
            "positions": [
                22,
                10,
                20,
                6,
                2
            ],
            "view": [
                [
                    8,
                    11,
                    7,
                    6,
                    8
                ],
                [
                    9,
                    6,
                    3,
                    4,
                    9
                ],
                [
                    12,
                    0,
                    9,
                    10,
                    6
                ]
            ]
        },
        "rewards": [
            {
                "reward": "line",
                "lineId": 10,
                "payout": 6,
                "paytable": [
                    7,
                    2
                ],
                "lineMultiplier": 1
            }
        ],
        "events": [
            
        ],
        "roundEnded": false,
        "version": "0.2.2"
    }
}
]]></system-out>
  </testcase>
  <testcase name="testSpin" classname="com.skywind.qa.test.SpinTest" time="0.185"/>
  <testcase name="testSpin" classname="com.skywind.qa.test.SpinTest" time="0.202">
    <failure message="1 expectation failed.&#10;JSON path result.totalWin doesn&apos;t match.&#10;Expected: &lt;45&gt;&#10;  Actual: 0&#10;" type="java.lang.AssertionError"><![CDATA[java.lang.AssertionError: 1 expectation failed.
JSON path result.totalWin doesn't match.
Expected: <45>
  Actual: 0

	at sun.reflect.GeneratedConstructorAccessor69.newInstance(Unknown Source)
	at sun.reflect.DelegatingConstructorAccessorImpl.newInstance(DelegatingConstructorAccessorImpl.java:45)
	at java.lang.reflect.Constructor.newInstance(Constructor.java:422)
	at org.codehaus.groovy.reflection.CachedConstructor.invoke(CachedConstructor.java:83)
	at org.codehaus.groovy.reflection.CachedConstructor.doConstructorInvoke(CachedConstructor.java:77)
	at org.codehaus.groovy.runtime.callsite.ConstructorSite$ConstructorSiteNoUnwrap.callConstructor(ConstructorSite.java:84)
	at org.codehaus.groovy.runtime.callsite.AbstractCallSite.callConstructor(AbstractCallSite.java:247)
	at io.restassured.internal.ResponseSpecificationImpl$HamcrestAssertionClosure.validate(ResponseSpecificationImpl.groovy:471)
	at io.restassured.internal.ResponseSpecificationImpl$HamcrestAssertionClosure$validate$1.call(Unknown Source)
	at io.restassured.internal.ResponseSpecificationImpl.validateResponseIfRequired(ResponseSpecificationImpl.groovy:643)
	at sun.reflect.GeneratedMethodAccessor75.invoke(Unknown Source)
	at sun.reflect.DelegatingMethodAccessorImpl.invoke(DelegatingMethodAccessorImpl.java:43)
	at java.lang.reflect.Method.invoke(Method.java:497)
	at org.codehaus.groovy.runtime.callsite.PogoMetaMethodSite$PogoCachedMethodSiteNoUnwrapNoCoerce.invoke(PogoMetaMethodSite.java:210)
	at org.codehaus.groovy.runtime.callsite.PogoMetaMethodSite.callCurrent(PogoMetaMethodSite.java:59)
	at org.codehaus.groovy.runtime.callsite.AbstractCallSite.callCurrent(AbstractCallSite.java:166)
	at io.restassured.internal.ResponseSpecificationImpl.content(ResponseSpecificationImpl.groovy:265)
	at io.restassured.specification.ResponseSpecification$content$1.callCurrent(Unknown Source)
	at io.restassured.internal.ResponseSpecificationImpl.body(ResponseSpecificationImpl.groovy:248)
	at io.restassured.internal.ValidatableResponseOptionsImpl.body(ValidatableResponseOptionsImpl.java:268)
	at com.skywind.qa.test.SpinTest.testSpin(SpinTest.java:82)
]]></failure>
    <system-out><![CDATA[Spin{description='Ax4', combinations='7,25,32,7,27', totalWin=45}
eyJhbGciOiJIUzUxMiIsInR5cCI6IkpXVCJ9.eyJzZXNzaW9uSWQiOjY1OTA4OSwiaWQiOiJnYW1lczpjb250ZXh0OjE6dW5kZWZpbmVkOnN3X2drOndlYiIsImdhbWVNb2RlIjoiZnVuIiwiaWF0IjoxNTExMTk3ODI4LCJpc3MiOiJza3l3aW5kZ3JvdXAifQ.Q64wHejtHRYuRmI8x7-L2QtNi_FmfZSH7u1zPAjhuxwJrVBJN1tIVdc0QYIdAB_p_qAafEPhmpTLbrKwAzpXMA
Request method:	POST
Request URI:	http://api.cd2.d.skywind-tech.com:4001/casino/game2
Proxy:			<none>
Request params:	<none>
Query params:	<none>
Form params:	<none>
Path params:	<none>
Headers:		Accept=*/*
				Content-Type=application/json; charset=UTF-8
Cookies:		<none>
Multiparts:		<none>
Body:
{
    "bet": 1,
    "coin": 1,
    "gameSession": "eyJhbGciOiJIUzUxMiIsInR5cCI6IkpXVCJ9.eyJzZXNzaW9uSWQiOjY1OTA4OSwiaWQiOiJnYW1lczpjb250ZXh0OjE6dW5kZWZpbmVkOnN3X2drOndlYiIsImdhbWVNb2RlIjoiZnVuIiwiaWF0IjoxNTExMTk3ODI4LCJpc3MiOiJza3l3aW5kZ3JvdXAifQ.Q64wHejtHRYuRmI8x7-L2QtNi_FmfZSH7u1zPAjhuxwJrVBJN1tIVdc0QYIdAB_p_qAafEPhmpTLbrKwAzpXMA",
    "lines": 1,
    "request": "spin",
    "positions": [
        7,
        25,
        32,
        7,
        27
    ],
    "requestId": 27
}
HTTP/1.1 200 OK
X-Powered-By: Express
Vary: X-HTTP-Method-Override, Accept-Encoding
Access-Control-Allow-Credentials: true
Access-Control-Allow-Origin: *
Access-Control-Expose-Headers: x-paging-total,x-paging-limit,x-paging-offset
Access-Control-Allow-Methods: GET, POST, OPTIONS
Access-Control-Allow-Headers: DNT,X-ACCESS-TOKEN,Keep-Alive,User-Agent,X-Requested-With,If-Modified-Since,Cache-Control,Content-Type,Check-Sum,Cookie
Access-Control-Max-Age: 1728000
Content-Type: application/json; charset=utf-8
Content-Length: 901
ETag: W/"385-djDQ7J0pmwh1jUh5joNRjnKcj38"
Date: Mon, 20 Nov 2017 17:10:34 GMT
Connection: keep-alive

{
    "gameSession": "eyJhbGciOiJIUzUxMiIsInR5cCI6IkpXVCJ9.eyJzZXNzaW9uSWQiOjY1OTA4OSwiaWQiOiJnYW1lczpjb250ZXh0OjE6dW5kZWZpbmVkOnN3X2drOndlYiIsImdhbWVNb2RlIjoiZnVuIiwiaWF0IjoxNTExMTk3ODI4LCJpc3MiOiJza3l3aW5kZ3JvdXAifQ.Q64wHejtHRYuRmI8x7-L2QtNi_FmfZSH7u1zPAjhuxwJrVBJN1tIVdc0QYIdAB_p_qAafEPhmpTLbrKwAzpXMA",
    "balance": {
        "currency": "USD",
        "amount": 24868,
        "real": {
            "amount": 24868
        },
        "bonus": {
            "amount": 0
        }
    },
    "result": {
        "request": "spin",
        "stake": {
            "lines": 1,
            "bet": 1,
            "coin": 1
        },
        "totalBet": 0,
        "totalWin": 0,
        "scene": "freeSpins",
        "multiplier": 1,
        "state": {
            "currentScene": "freeSpins",
            "multiplier": 1,
            "collapsingWin": 0,
            "collapsingCount": 0,
            "isReSpin": false,
            "freeSpinsWin": 1238,
            "freeSpinsCount": 1,
            "initialFreeSpinWin": 0,
            "initialFreeSpinsCount": 15,
            "totalFreeSpinsCount": 15
        },
        "reels": {
            "set": "freeSpins",
            "positions": [
                7,
                25,
                32,
                7,
                27
            ],
            "view": [
                [
                    2,
                    1,
                    8,
                    4,
                    7
                ],
                [
                    6,
                    9,
                    7,
                    10,
                    4
                ],
                [
                    11,
                    6,
                    11,
                    1,
                    2
                ]
            ]
        },
        "rewards": [
            
        ],
        "events": [
            
        ],
        "roundEnded": false,
        "version": "0.2.2"
    }
}
]]></system-out>
  </testcase>
  <testcase name="testSpin" classname="com.skywind.qa.test.SpinTest" time="0.24"/>
  <testcase name="testSpin" classname="com.skywind.qa.test.SpinTest" time="0.097"/>
  <testcase name="testSpin" classname="com.skywind.qa.test.SpinTest" time="0.146"/>
  <testcase name="testSpin" classname="com.skywind.qa.test.SpinTest" time="0.139"/>
  <testcase name="testSpin" classname="com.skywind.qa.test.SpinTest" time="0.133"/>
  <testcase name="testSpin" classname="com.skywind.qa.test.SpinTest" time="0.243"/>
  <testcase name="testSpin" classname="com.skywind.qa.test.SpinTest" time="0.141"/>
  <testcase name="testSpin" classname="com.skywind.qa.test.SpinTest" time="0.22"/>
  <testcase name="testSpin" classname="com.skywind.qa.test.SpinTest" time="0.114"/>
  <testcase name="testSpin" classname="com.skywind.qa.test.SpinTest" time="0.142"/>
  <testcase name="testSpin" classname="com.skywind.qa.test.SpinTest" time="0.19"/>
  <testcase name="testSpin" classname="com.skywind.qa.test.SpinTest" time="0.209"/>
  <testcase name="testSpin" classname="com.skywind.qa.test.SpinTest" time="0.184"/>
  <testcase name="testSpin" classname="com.skywind.qa.test.SpinTest" time="0.131"/>
  <testcase name="testSpin" classname="com.skywind.qa.test.SpinTest" time="0.148"/>
  <testcase name="testSpin" classname="com.skywind.qa.test.SpinTest" time="0.166"/>
  <testcase name="testSpin" classname="com.skywind.qa.test.SpinTest" time="0.136"/>
  <testcase name="testSpin" classname="com.skywind.qa.test.SpinTest" time="0.145"/>
  <testcase name="testSpin" classname="com.skywind.qa.test.SpinTest" time="0.175"/>
  <testcase name="testSpin" classname="com.skywind.qa.test.SpinTest" time="0.18"/>
  <testcase name="testSpin" classname="com.skywind.qa.test.SpinTest" time="0.176"/>
  <testcase name="testSpin" classname="com.skywind.qa.test.SpinTest" time="0.144"/>
  <testcase name="testSpin" classname="com.skywind.qa.test.SpinTest" time="0.128"/>
  <testcase name="testSpin" classname="com.skywind.qa.test.SpinTest" time="0.153"/>
  <testcase name="testSpin" classname="com.skywind.qa.test.SpinTest" time="0.113"/>
  <testcase name="testSpin" classname="com.skywind.qa.test.SpinTest" time="0.147"/>
  <testcase name="testSpin" classname="com.skywind.qa.test.SpinTest" time="0.134"/>
  <testcase name="testSpin" classname="com.skywind.qa.test.SpinTest" time="0.152"/>
  <testcase name="testSpin" classname="com.skywind.qa.test.SpinTest" time="0.168"/>
  <testcase name="testSpin" classname="com.skywind.qa.test.SpinTest" time="0.115"/>
  <testcase name="testSpin" classname="com.skywind.qa.test.SpinTest" time="0.311"/>
  <testcase name="testSpin" classname="com.skywind.qa.test.SpinTest" time="0.155"/>
  <testcase name="testSpin" classname="com.skywind.qa.test.SpinTest" time="0.152"/>
  <testcase name="testSpin" classname="com.skywind.qa.test.SpinTest" time="0.165"/>
  <testcase name="testSpin" classname="com.skywind.qa.test.SpinTest" time="0.194"/>
  <testcase name="testSpin" classname="com.skywind.qa.test.SpinTest" time="0.126"/>
  <testcase name="testSpin" classname="com.skywind.qa.test.SpinTest" time="0.132"/>
  <testcase name="testSpin" classname="com.skywind.qa.test.SpinTest" time="0.134"/>
  <testcase name="testSpin" classname="com.skywind.qa.test.SpinTest" time="0.138"/>
  <testcase name="testSpin" classname="com.skywind.qa.test.SpinTest" time="0.138"/>
  <testcase name="testSpin" classname="com.skywind.qa.test.SpinTest" time="0.221"/>
  <testcase name="testSpin" classname="com.skywind.qa.test.SpinTest" time="0.155"/>
  <testcase name="testSpin" classname="com.skywind.qa.test.SpinTest" time="0.098"/>
  <testcase name="testSpin" classname="com.skywind.qa.test.SpinTest" time="0.166"/>
  <testcase name="testSpin" classname="com.skywind.qa.test.SpinTest" time="0.108"/>
  <testcase name="testSpin" classname="com.skywind.qa.test.SpinTest" time="0.136"/>
  <testcase name="testSpin" classname="com.skywind.qa.test.SpinTest" time="0.237"/>
  <testcase name="testSpin" classname="com.skywind.qa.test.SpinTest" time="0.217"/>
  <testcase name="testSpin" classname="com.skywind.qa.test.SpinTest" time="0.097"/>
  <testcase name="testSpin" classname="com.skywind.qa.test.SpinTest" time="0.126"/>
  <testcase name="testSpin" classname="com.skywind.qa.test.SpinTest" time="0.26"/>
  <testcase name="testSpin" classname="com.skywind.qa.test.SpinTest" time="0.122"/>
</testsuite>